{"/Users/karim/Desktop/BurjX-cryptocurrency-dashboard/src/main.tsx": {"path":"/Users/karim/Desktop/BurjX-cryptocurrency-dashboard/src/main.tsx","statementMap":{"0":{"start":{"line":1,"column":0},"end":{"line":1,"column":26}},"1":{"start":{"line":2,"column":0},"end":{"line":2,"column":40}},"2":{"start":{"line":3,"column":0},"end":{"line":3,"column":21}},"3":{"start":{"line":4,"column":0},"end":{"line":4,"column":52}},"4":{"start":{"line":5,"column":0},"end":{"line":5,"column":50}},"5":{"start":{"line":6,"column":0},"end":{"line":6,"column":60}},"6":{"start":{"line":7,"column":0},"end":{"line":7,"column":44}},"7":{"start":{"line":9,"column":0},"end":{"line":9,"column":52}},"8":{"start":{"line":10,"column":0},"end":{"line":10,"column":43}},"9":{"start":{"line":12,"column":13},"end":{"line":20,"column":3}},"10":{"start":{"line":22,"column":0},"end":{"line":31,"column":2}}},"fnMap":{},"branchMap":{},"s":{"0":0,"1":0,"2":0,"3":0,"4":0,"5":0,"6":0,"7":0,"8":0,"9":0,"10":0},"f":{},"b":{}}
,"/Users/karim/Desktop/BurjX-cryptocurrency-dashboard/src/vite-env.d.ts": {"path":"/Users/karim/Desktop/BurjX-cryptocurrency-dashboard/src/vite-env.d.ts","statementMap":{},"fnMap":{},"branchMap":{},"s":{},"f":{},"b":{}}
,"/Users/karim/Desktop/BurjX-cryptocurrency-dashboard/src/components/button/BackButton.tsx": {"path":"/Users/karim/Desktop/BurjX-cryptocurrency-dashboard/src/components/button/BackButton.tsx","statementMap":{"0":{"start":{"line":1,"column":0},"end":{"line":1,"column":43}},"1":{"start":{"line":2,"column":0},"end":{"line":2,"column":58}},"2":{"start":{"line":3,"column":0},"end":{"line":3,"column":47}},"3":{"start":{"line":5,"column":19},"end":{"line":15,"column":1}},"4":{"start":{"line":6,"column":19},"end":{"line":6,"column":32}},"5":{"start":{"line":8,"column":2},"end":{"line":14,"column":4}},"6":{"start":{"line":10,"column":47},"end":{"line":10,"column":59}},"7":{"start":{"line":17,"column":0},"end":{"line":17,"column":26}}},"fnMap":{"0":{"name":"(anonymous_0)","decl":{"start":{"line":5,"column":19},"end":{"line":5,"column":22}},"loc":{"start":{"line":5,"column":24},"end":{"line":15,"column":1}}},"1":{"name":"(anonymous_1)","decl":{"start":{"line":10,"column":41},"end":{"line":10,"column":44}},"loc":{"start":{"line":10,"column":47},"end":{"line":10,"column":59}}}},"branchMap":{},"s":{"0":0,"1":0,"2":0,"3":0,"4":0,"5":0,"6":0,"7":0},"f":{"0":0,"1":0},"b":{}}
,"/Users/karim/Desktop/BurjX-cryptocurrency-dashboard/src/components/button/index.ts": {"path":"/Users/karim/Desktop/BurjX-cryptocurrency-dashboard/src/components/button/index.ts","statementMap":{"0":{"start":{"line":1,"column":0},"end":{"line":1,"column":7}},"1":{"start":{"line":3,"column":9},"end":{"line":1,"column":38}}},"fnMap":{},"branchMap":{},"s":{"0":0,"1":0},"f":{},"b":{}}
,"/Users/karim/Desktop/BurjX-cryptocurrency-dashboard/src/components/icons/ColoredCandlestickIcon.tsx": {"path":"/Users/karim/Desktop/BurjX-cryptocurrency-dashboard/src/components/icons/ColoredCandlestickIcon.tsx","statementMap":{"0":{"start":{"line":1,"column":0},"end":{"line":1,"column":40}},"1":{"start":{"line":3,"column":31},"end":{"line":14,"column":null}},"2":{"start":{"line":4,"column":2},"end":{"line":13,"column":null}},"3":{"start":{"line":17,"column":0},"end":{"line":17,"column":38}}},"fnMap":{"0":{"name":"(anonymous_0)","decl":{"start":{"line":3,"column":31},"end":{"line":3,"column":34}},"loc":{"start":{"line":4,"column":2},"end":{"line":13,"column":null}}}},"branchMap":{},"s":{"0":0,"1":0,"2":0,"3":0},"f":{"0":0},"b":{}}
,"/Users/karim/Desktop/BurjX-cryptocurrency-dashboard/src/components/icons/index.ts": {"path":"/Users/karim/Desktop/BurjX-cryptocurrency-dashboard/src/components/icons/index.ts","statementMap":{"0":{"start":{"line":1,"column":0},"end":{"line":1,"column":7}},"1":{"start":{"line":3,"column":9},"end":{"line":1,"column":62}}},"fnMap":{},"branchMap":{},"s":{"0":0,"1":0},"f":{},"b":{}}
,"/Users/karim/Desktop/BurjX-cryptocurrency-dashboard/src/components/layouts/BlankLayout.tsx": {"path":"/Users/karim/Desktop/BurjX-cryptocurrency-dashboard/src/components/layouts/BlankLayout.tsx","statementMap":{"0":{"start":{"line":2,"column":0},"end":{"line":2,"column":46}},"1":{"start":{"line":3,"column":0},"end":{"line":3,"column":50}},"2":{"start":{"line":9,"column":27},"end":{"line":28,"column":3}},"3":{"start":{"line":9,"column":65},"end":{"line":28,"column":2}},"4":{"start":{"line":30,"column":20},"end":{"line":41,"column":1}},"5":{"start":{"line":31,"column":2},"end":{"line":40,"column":4}},"6":{"start":{"line":43,"column":0},"end":{"line":43,"column":27}}},"fnMap":{"0":{"name":"(anonymous_0)","decl":{"start":{"line":9,"column":49},"end":{"line":9,"column":50}},"loc":{"start":{"line":9,"column":65},"end":{"line":28,"column":2}}},"1":{"name":"(anonymous_1)","decl":{"start":{"line":30,"column":20},"end":{"line":30,"column":21}},"loc":{"start":{"line":30,"column":55},"end":{"line":41,"column":1}}}},"branchMap":{},"s":{"0":0,"1":0,"2":0,"3":0,"4":0,"5":0,"6":0},"f":{"0":0,"1":0},"b":{}}
,"/Users/karim/Desktop/BurjX-cryptocurrency-dashboard/src/components/layouts/header.tsx": {"path":"/Users/karim/Desktop/BurjX-cryptocurrency-dashboard/src/components/layouts/header.tsx","statementMap":{"0":{"start":{"line":2,"column":0},"end":{"line":2,"column":36}},"1":{"start":{"line":4,"column":15},"end":{"line":12,"column":1}},"2":{"start":{"line":5,"column":2},"end":{"line":11,"column":4}},"3":{"start":{"line":14,"column":0},"end":{"line":14,"column":22}}},"fnMap":{"0":{"name":"(anonymous_0)","decl":{"start":{"line":4,"column":15},"end":{"line":4,"column":18}},"loc":{"start":{"line":4,"column":20},"end":{"line":12,"column":1}}}},"branchMap":{},"s":{"0":0,"1":0,"2":0,"3":0},"f":{"0":0},"b":{}}
,"/Users/karim/Desktop/BurjX-cryptocurrency-dashboard/src/components/layouts/index.ts": {"path":"/Users/karim/Desktop/BurjX-cryptocurrency-dashboard/src/components/layouts/index.ts","statementMap":{"0":{"start":{"line":1,"column":0},"end":{"line":1,"column":7}},"1":{"start":{"line":4,"column":17},"end":{"line":1,"column":40}},"2":{"start":{"line":2,"column":0},"end":{"line":2,"column":7}},"3":{"start":{"line":4,"column":9},"end":{"line":2,"column":30}}},"fnMap":{},"branchMap":{},"s":{"0":0,"1":0,"2":0,"3":0},"f":{},"b":{}}
,"/Users/karim/Desktop/BurjX-cryptocurrency-dashboard/src/context/MarketContext.tsx": {"path":"/Users/karim/Desktop/BurjX-cryptocurrency-dashboard/src/context/MarketContext.tsx","statementMap":{"0":{"start":{"line":1,"column":0},"end":{"line":1,"column":78}},"1":{"start":{"line":3,"column":0},"end":{"line":3,"column":64}},"2":{"start":{"line":13,"column":22},"end":{"line":13,"column":77}},"3":{"start":{"line":15,"column":71},"end":{"line":57,"column":1}},"4":{"start":{"line":16,"column":26},"end":{"line":16,"column":37}},"5":{"start":{"line":17,"column":28},"end":{"line":17,"column":57}},"6":{"start":{"line":18,"column":32},"end":{"line":18,"column":46}},"7":{"start":{"line":21,"column":39},"end":{"line":21,"column":77}},"8":{"start":{"line":24,"column":2},"end":{"line":43,"column":13}},"9":{"start":{"line":25,"column":4},"end":{"line":25,"column":57}},"10":{"start":{"line":25,"column":50},"end":{"line":25,"column":57}},"11":{"start":{"line":27,"column":4},"end":{"line":30,"column":5}},"12":{"start":{"line":28,"column":6},"end":{"line":28,"column":24}},"13":{"start":{"line":29,"column":6},"end":{"line":29,"column":13}},"14":{"start":{"line":32,"column":4},"end":{"line":42,"column":7}},"15":{"start":{"line":33,"column":26},"end":{"line":33,"column":67}},"16":{"start":{"line":33,"column":58},"end":{"line":33,"column":65}},"17":{"start":{"line":34,"column":29},"end":{"line":34,"column":82}},"18":{"start":{"line":34,"column":56},"end":{"line":34,"column":81}},"19":{"start":{"line":36,"column":6},"end":{"line":39,"column":7}},"20":{"start":{"line":37,"column":8},"end":{"line":37,"column":26}},"21":{"start":{"line":38,"column":8},"end":{"line":38,"column":25}},"22":{"start":{"line":41,"column":6},"end":{"line":41,"column":47}},"23":{"start":{"line":46,"column":19},"end":{"line":50,"column":3}},"24":{"start":{"line":47,"column":4},"end":{"line":49,"column":5}},"25":{"start":{"line":48,"column":6},"end":{"line":48,"column":42}},"26":{"start":{"line":48,"column":28},"end":{"line":48,"column":40}},"27":{"start":{"line":52,"column":2},"end":{"line":56,"column":4}},"28":{"start":{"line":15,"column":13},"end":{"line":15,"column":71}},"29":{"start":{"line":59,"column":25},"end":{"line":65,"column":1}},"30":{"start":{"line":60,"column":18},"end":{"line":60,"column":43}},"31":{"start":{"line":61,"column":2},"end":{"line":63,"column":3}},"32":{"start":{"line":62,"column":4},"end":{"line":62,"column":70}},"33":{"start":{"line":64,"column":2},"end":{"line":64,"column":17}},"34":{"start":{"line":59,"column":13},"end":{"line":59,"column":25}}},"fnMap":{"0":{"name":"(anonymous_0)","decl":{"start":{"line":15,"column":71},"end":{"line":15,"column":72}},"loc":{"start":{"line":15,"column":88},"end":{"line":57,"column":1}}},"1":{"name":"(anonymous_1)","decl":{"start":{"line":24,"column":12},"end":{"line":24,"column":15}},"loc":{"start":{"line":24,"column":17},"end":{"line":43,"column":3}}},"2":{"name":"(anonymous_2)","decl":{"start":{"line":32,"column":13},"end":{"line":32,"column":14}},"loc":{"start":{"line":32,"column":27},"end":{"line":42,"column":5}}},"3":{"name":"(anonymous_3)","decl":{"start":{"line":33,"column":48},"end":{"line":33,"column":49}},"loc":{"start":{"line":33,"column":58},"end":{"line":33,"column":65}}},"4":{"name":"(anonymous_4)","decl":{"start":{"line":34,"column":46},"end":{"line":34,"column":47}},"loc":{"start":{"line":34,"column":56},"end":{"line":34,"column":81}}},"5":{"name":"(anonymous_5)","decl":{"start":{"line":46,"column":19},"end":{"line":46,"column":22}},"loc":{"start":{"line":46,"column":24},"end":{"line":50,"column":3}}},"6":{"name":"(anonymous_6)","decl":{"start":{"line":48,"column":14},"end":{"line":48,"column":15}},"loc":{"start":{"line":48,"column":28},"end":{"line":48,"column":40}}},"7":{"name":"(anonymous_7)","decl":{"start":{"line":59,"column":25},"end":{"line":59,"column":28}},"loc":{"start":{"line":59,"column":30},"end":{"line":65,"column":1}}}},"branchMap":{"0":{"loc":{"start":{"line":25,"column":4},"end":{"line":25,"column":57}},"type":"if","locations":[{"start":{"line":25,"column":4},"end":{"line":25,"column":57}}]},"1":{"loc":{"start":{"line":25,"column":8},"end":{"line":25,"column":48}},"type":"binary-expr","locations":[{"start":{"line":25,"column":8},"end":{"line":25,"column":19}},{"start":{"line":25,"column":23},"end":{"line":25,"column":48}}]},"2":{"loc":{"start":{"line":27,"column":4},"end":{"line":30,"column":5}},"type":"if","locations":[{"start":{"line":27,"column":4},"end":{"line":30,"column":5}}]},"3":{"loc":{"start":{"line":36,"column":6},"end":{"line":39,"column":7}},"type":"if","locations":[{"start":{"line":36,"column":6},"end":{"line":39,"column":7}}]},"4":{"loc":{"start":{"line":47,"column":4},"end":{"line":49,"column":5}},"type":"if","locations":[{"start":{"line":47,"column":4},"end":{"line":49,"column":5}}]},"5":{"loc":{"start":{"line":47,"column":8},"end":{"line":47,"column":29}},"type":"binary-expr","locations":[{"start":{"line":47,"column":8},"end":{"line":47,"column":18}},{"start":{"line":47,"column":22},"end":{"line":47,"column":29}}]},"6":{"loc":{"start":{"line":61,"column":2},"end":{"line":63,"column":3}},"type":"if","locations":[{"start":{"line":61,"column":2},"end":{"line":63,"column":3}}]}},"s":{"0":0,"1":0,"2":0,"3":0,"4":0,"5":0,"6":0,"7":0,"8":0,"9":0,"10":0,"11":0,"12":0,"13":0,"14":0,"15":0,"16":0,"17":0,"18":0,"19":0,"20":0,"21":0,"22":0,"23":0,"24":0,"25":0,"26":0,"27":0,"28":0,"29":0,"30":0,"31":0,"32":0,"33":0,"34":0},"f":{"0":0,"1":0,"2":0,"3":0,"4":0,"5":0,"6":0,"7":0},"b":{"0":[0],"1":[0,0],"2":[0],"3":[0],"4":[0],"5":[0,0],"6":[0]}}
,"/Users/karim/Desktop/BurjX-cryptocurrency-dashboard/src/context/index.ts": {"path":"/Users/karim/Desktop/BurjX-cryptocurrency-dashboard/src/context/index.ts","statementMap":{"0":{"start":{"line":1,"column":0},"end":{"line":1,"column":9}},"1":{"start":{"line":3,"column":9},"end":{"line":1,"column":49}}},"fnMap":{"0":{"name":"(anonymous_0)","decl":{"start":{"line":3,"column":9},"end":{"line":3,"column":23}},"loc":{"start":{"line":3,"column":9},"end":{"line":1,"column":49}}}},"branchMap":{},"s":{"0":0,"1":0},"f":{"0":0},"b":{}}
,"/Users/karim/Desktop/BurjX-cryptocurrency-dashboard/src/features/coin-details/index.ts": {"path":"/Users/karim/Desktop/BurjX-cryptocurrency-dashboard/src/features/coin-details/index.ts","statementMap":{"0":{"start":{"line":1,"column":0},"end":{"line":1,"column":9}},"1":{"start":{"line":1,"column":9},"end":{"line":1,"column":35}},"2":{"start":{"line":2,"column":0},"end":{"line":2,"column":29}}},"fnMap":{"0":{"name":"(anonymous_4)","decl":{"start":{"line":1,"column":9},"end":{"line":1,"column":16}},"loc":{"start":{"line":1,"column":9},"end":{"line":1,"column":35}}}},"branchMap":{},"s":{"0":0,"1":0,"2":0},"f":{"0":0},"b":{}}
,"/Users/karim/Desktop/BurjX-cryptocurrency-dashboard/src/features/coin-details/components/ChartStyleToggle.tsx": {"path":"/Users/karim/Desktop/BurjX-cryptocurrency-dashboard/src/features/coin-details/components/ChartStyleToggle.tsx","statementMap":{"0":{"start":{"line":1,"column":0},"end":{"line":1,"column":36}},"1":{"start":{"line":2,"column":0},"end":{"line":2,"column":85}},"2":{"start":{"line":3,"column":0},"end":{"line":3,"column":48}},"3":{"start":{"line":5,"column":0},"end":{"line":5,"column":60}},"4":{"start":{"line":7,"column":48},"end":{"line":24,"column":2}},"5":{"start":{"line":26,"column":58},"end":{"line":56,"column":1}},"6":{"start":{"line":28,"column":23},"end":{"line":34,"column":null}},"7":{"start":{"line":30,"column":6},"end":{"line":32,"column":7}},"8":{"start":{"line":31,"column":8},"end":{"line":31,"column":31}},"9":{"start":{"line":37,"column":2},"end":{"line":55,"column":4}},"10":{"start":{"line":58,"column":0},"end":{"line":58,"column":38}}},"fnMap":{"0":{"name":"(anonymous_0)","decl":{"start":{"line":26,"column":58},"end":{"line":26,"column":59}},"loc":{"start":{"line":26,"column":86},"end":{"line":56,"column":1}}},"1":{"name":"(anonymous_1)","decl":{"start":{"line":29,"column":4},"end":{"line":29,"column":5}},"loc":{"start":{"line":29,"column":91},"end":{"line":33,"column":5}}}},"branchMap":{"0":{"loc":{"start":{"line":30,"column":6},"end":{"line":32,"column":7}},"type":"if","locations":[{"start":{"line":30,"column":6},"end":{"line":32,"column":7}}]}},"s":{"0":0,"1":0,"2":0,"3":0,"4":0,"5":0,"6":0,"7":0,"8":0,"9":0,"10":0},"f":{"0":0,"1":0},"b":{"0":[0]}}
,"/Users/karim/Desktop/BurjX-cryptocurrency-dashboard/src/features/coin-details/components/CoinSearchModal.tsx": {"path":"/Users/karim/Desktop/BurjX-cryptocurrency-dashboard/src/features/coin-details/components/CoinSearchModal.tsx","statementMap":{"0":{"start":{"line":1,"column":0},"end":{"line":1,"column":58}},"1":{"start":{"line":2,"column":0},"end":{"line":2,"column":null}},"2":{"start":{"line":11,"column":0},"end":{"line":11,"column":50}},"3":{"start":{"line":12,"column":0},"end":{"line":12,"column":52}},"4":{"start":{"line":16,"column":56},"end":{"line":176,"column":1}},"5":{"start":{"line":25,"column":24},"end":{"line":34,"column":25}},"6":{"start":{"line":26,"column":29},"end":{"line":26,"column":60}},"7":{"start":{"line":27,"column":4},"end":{"line":33,"column":14}},"8":{"start":{"line":30,"column":12},"end":{"line":31,"column":64}},"9":{"start":{"line":36,"column":27},"end":{"line":42,"column":null}},"10":{"start":{"line":38,"column":6},"end":{"line":38,"column":21}},"11":{"start":{"line":39,"column":6},"end":{"line":39,"column":16}},"12":{"start":{"line":40,"column":6},"end":{"line":40,"column":24}},"13":{"start":{"line":46,"column":19},"end":{"line":103,"column":null}},"14":{"start":{"line":48,"column":6},"end":{"line":102,"column":8}},"15":{"start":{"line":49,"column":8},"end":{"line":50,"column":null}},"16":{"start":{"line":51,"column":25},"end":{"line":51,"column":47}},"17":{"start":{"line":106,"column":24},"end":{"line":137,"column":null}},"18":{"start":{"line":108,"column":6},"end":{"line":134,"column":null}},"19":{"start":{"line":124,"column":29},"end":{"line":124,"column":58}},"20":{"start":{"line":140,"column":2},"end":{"line":175,"column":4}},"21":{"start":{"line":178,"column":0},"end":{"line":178,"column":37}}},"fnMap":{"0":{"name":"(anonymous_0)","decl":{"start":{"line":16,"column":56},"end":{"line":16,"column":57}},"loc":{"start":{"line":23,"column":5},"end":{"line":176,"column":1}}},"1":{"name":"(anonymous_1)","decl":{"start":{"line":25,"column":32},"end":{"line":25,"column":35}},"loc":{"start":{"line":25,"column":37},"end":{"line":34,"column":3}}},"2":{"name":"(anonymous_2)","decl":{"start":{"line":29,"column":10},"end":{"line":29,"column":11}},"loc":{"start":{"line":30,"column":12},"end":{"line":31,"column":64}}},"3":{"name":"(anonymous_3)","decl":{"start":{"line":37,"column":4},"end":{"line":37,"column":5}},"loc":{"start":{"line":37,"column":28},"end":{"line":41,"column":5}}},"4":{"name":"(anonymous_4)","decl":{"start":{"line":47,"column":4},"end":{"line":47,"column":7}},"loc":{"start":{"line":48,"column":6},"end":{"line":102,"column":8}}},"5":{"name":"(anonymous_5)","decl":{"start":{"line":48,"column":24},"end":{"line":48,"column":25}},"loc":{"start":{"line":49,"column":8},"end":{"line":50,"column":null}}},"6":{"name":"(anonymous_6)","decl":{"start":{"line":51,"column":19},"end":{"line":51,"column":22}},"loc":{"start":{"line":51,"column":25},"end":{"line":51,"column":47}}},"7":{"name":"(anonymous_7)","decl":{"start":{"line":107,"column":4},"end":{"line":107,"column":7}},"loc":{"start":{"line":108,"column":6},"end":{"line":134,"column":null}}},"8":{"name":"(anonymous_8)","decl":{"start":{"line":124,"column":22},"end":{"line":124,"column":23}},"loc":{"start":{"line":124,"column":29},"end":{"line":124,"column":58}}}},"branchMap":{"0":{"loc":{"start":{"line":27,"column":11},"end":{"line":33,"column":13}},"type":"cond-expr","locations":[{"start":{"line":28,"column":8},"end":{"line":31,"column":null}},{"start":{"line":33,"column":8},"end":{"line":33,"column":13}}]},"1":{"loc":{"start":{"line":30,"column":12},"end":{"line":31,"column":64}},"type":"binary-expr","locations":[{"start":{"line":30,"column":12},"end":{"line":30,"column":62}},{"start":{"line":31,"column":12},"end":{"line":31,"column":64}}]},"2":{"loc":{"start":{"line":93,"column":23},"end":{"line":93,"column":81}},"type":"cond-expr","locations":[{"start":{"line":93,"column":60},"end":{"line":93,"column":69}},{"start":{"line":93,"column":72},"end":{"line":93,"column":81}}]},"3":{"loc":{"start":{"line":97,"column":15},"end":{"line":97,"column":60}},"type":"cond-expr","locations":[{"start":{"line":97,"column":52},"end":{"line":97,"column":55}},{"start":{"line":97,"column":58},"end":{"line":97,"column":60}}]}},"s":{"0":0,"1":0,"2":0,"3":0,"4":0,"5":0,"6":0,"7":0,"8":0,"9":0,"10":0,"11":0,"12":0,"13":0,"14":0,"15":0,"16":0,"17":0,"18":0,"19":0,"20":0,"21":0},"f":{"0":0,"1":0,"2":0,"3":0,"4":0,"5":0,"6":0,"7":0,"8":0},"b":{"0":[0,0],"1":[0,0],"2":[0,0],"3":[0,0]}}
,"/Users/karim/Desktop/BurjX-cryptocurrency-dashboard/src/features/coin-details/components/CoinSelector.tsx": {"path":"/Users/karim/Desktop/BurjX-cryptocurrency-dashboard/src/features/coin-details/components/CoinSelector.tsx","statementMap":{"0":{"start":{"line":1,"column":0},"end":{"line":1,"column":75}},"1":{"start":{"line":3,"column":0},"end":{"line":3,"column":52}},"2":{"start":{"line":6,"column":24},"end":{"line":6,"column":63}},"3":{"start":{"line":6,"column":34},"end":{"line":6,"column":62}},"4":{"start":{"line":8,"column":50},"end":{"line":53,"column":1}},"5":{"start":{"line":9,"column":30},"end":{"line":9,"column":45}},"6":{"start":{"line":10,"column":38},"end":{"line":10,"column":50}},"7":{"start":{"line":13,"column":26},"end":{"line":15,"column":8}},"8":{"start":{"line":14,"column":4},"end":{"line":14,"column":20}},"9":{"start":{"line":17,"column":27},"end":{"line":21,"column":8}},"10":{"start":{"line":18,"column":4},"end":{"line":18,"column":21}},"11":{"start":{"line":20,"column":4},"end":{"line":20,"column":22}},"12":{"start":{"line":24,"column":27},"end":{"line":29,"column":null}},"13":{"start":{"line":26,"column":6},"end":{"line":26,"column":25}},"14":{"start":{"line":27,"column":6},"end":{"line":27,"column":25}},"15":{"start":{"line":32,"column":33},"end":{"line":34,"column":8}},"16":{"start":{"line":33,"column":4},"end":{"line":33,"column":24}},"17":{"start":{"line":36,"column":2},"end":{"line":52,"column":4}},"18":{"start":{"line":55,"column":0},"end":{"line":55,"column":34}}},"fnMap":{"0":{"name":"(anonymous_0)","decl":{"start":{"line":6,"column":29},"end":{"line":6,"column":32}},"loc":{"start":{"line":6,"column":34},"end":{"line":6,"column":62}}},"1":{"name":"(anonymous_1)","decl":{"start":{"line":6,"column":34},"end":{"line":6,"column":42}},"loc":{"start":{"line":6,"column":34},"end":{"line":6,"column":62}}},"2":{"name":"(anonymous_2)","decl":{"start":{"line":8,"column":50},"end":{"line":8,"column":51}},"loc":{"start":{"line":8,"column":92},"end":{"line":53,"column":1}}},"3":{"name":"(anonymous_3)","decl":{"start":{"line":13,"column":38},"end":{"line":13,"column":41}},"loc":{"start":{"line":13,"column":43},"end":{"line":15,"column":3}}},"4":{"name":"(anonymous_4)","decl":{"start":{"line":17,"column":39},"end":{"line":17,"column":42}},"loc":{"start":{"line":17,"column":44},"end":{"line":21,"column":3}}},"5":{"name":"(anonymous_5)","decl":{"start":{"line":25,"column":4},"end":{"line":25,"column":5}},"loc":{"start":{"line":25,"column":28},"end":{"line":28,"column":5}}},"6":{"name":"(anonymous_6)","decl":{"start":{"line":32,"column":45},"end":{"line":32,"column":46}},"loc":{"start":{"line":32,"column":62},"end":{"line":34,"column":3}}}},"branchMap":{"0":{"loc":{"start":{"line":40,"column":9},"end":{"line":48,"column":null}},"type":"binary-expr","locations":[{"start":{"line":40,"column":9},"end":{"line":40,"column":15}},{"start":{"line":41,"column":10},"end":{"line":47,"column":null}}]}},"s":{"0":0,"1":0,"2":0,"3":0,"4":0,"5":0,"6":0,"7":0,"8":0,"9":0,"10":0,"11":0,"12":0,"13":0,"14":0,"15":0,"16":0,"17":0,"18":0},"f":{"0":0,"1":0,"2":0,"3":0,"4":0,"5":0,"6":0},"b":{"0":[0,0]}}
,"/Users/karim/Desktop/BurjX-cryptocurrency-dashboard/src/features/coin-details/components/CoinTriggerButton.tsx": {"path":"/Users/karim/Desktop/BurjX-cryptocurrency-dashboard/src/features/coin-details/components/CoinTriggerButton.tsx","statementMap":{"0":{"start":{"line":1,"column":0},"end":{"line":1,"column":48}},"1":{"start":{"line":4,"column":26},"end":{"line":67,"column":1}},"2":{"start":{"line":11,"column":2},"end":{"line":11,"column":33}},"3":{"start":{"line":11,"column":21},"end":{"line":11,"column":33}},"4":{"start":{"line":13,"column":2},"end":{"line":66,"column":4}},"5":{"start":{"line":69,"column":0},"end":{"line":69,"column":33}}},"fnMap":{"0":{"name":"(anonymous_0)","decl":{"start":{"line":4,"column":26},"end":{"line":4,"column":27}},"loc":{"start":{"line":10,"column":5},"end":{"line":67,"column":1}}}},"branchMap":{"0":{"loc":{"start":{"line":11,"column":2},"end":{"line":11,"column":33}},"type":"if","locations":[{"start":{"line":11,"column":2},"end":{"line":11,"column":33}}]}},"s":{"0":0,"1":0,"2":0,"3":0,"4":0,"5":0},"f":{"0":0},"b":{"0":[0]}}
,"/Users/karim/Desktop/BurjX-cryptocurrency-dashboard/src/features/coin-details/components/PriceChart.tsx": {"path":"/Users/karim/Desktop/BurjX-cryptocurrency-dashboard/src/features/coin-details/components/PriceChart.tsx","statementMap":{"0":{"start":{"line":1,"column":0},"end":{"line":1,"column":45}},"1":{"start":{"line":2,"column":0},"end":{"line":2,"column":36}},"2":{"start":{"line":3,"column":0},"end":{"line":3,"column":46}},"3":{"start":{"line":7,"column":0},"end":{"line":7,"column":41}},"4":{"start":{"line":9,"column":46},"end":{"line":136,"column":1}},"5":{"start":{"line":16,"column":15},"end":{"line":16,"column":21}},"6":{"start":{"line":17,"column":22},"end":{"line":17,"column":35}},"7":{"start":{"line":20,"column":20},"end":{"line":38,"column":33}},"8":{"start":{"line":21,"column":4},"end":{"line":21,"column":33}},"9":{"start":{"line":21,"column":23},"end":{"line":21,"column":33}},"10":{"start":{"line":23,"column":4},"end":{"line":37,"column":11}},"11":{"start":{"line":24,"column":26},"end":{"line":24,"column":48}},"12":{"start":{"line":25,"column":16},"end":{"line":25,"column":70}},"13":{"start":{"line":28,"column":6},"end":{"line":28,"column":67}},"14":{"start":{"line":28,"column":56},"end":{"line":28,"column":67}},"15":{"start":{"line":30,"column":30},"end":{"line":33,"column":8}},"16":{"start":{"line":35,"column":6},"end":{"line":35,"column":32}},"17":{"start":{"line":36,"column":6},"end":{"line":36,"column":17}},"18":{"start":{"line":41,"column":31},"end":{"line":92,"column":null}},"19":{"start":{"line":42,"column":11},"end":{"line":91,"column":6}},"20":{"start":{"line":66,"column":12},"end":{"line":66,"column":90}},"21":{"start":{"line":96,"column":17},"end":{"line":103,"column":null}},"22":{"start":{"line":97,"column":10},"end":{"line":102,"column":null}},"23":{"start":{"line":107,"column":2},"end":{"line":124,"column":3}},"24":{"start":{"line":108,"column":4},"end":{"line":123,"column":6}},"25":{"start":{"line":126,"column":2},"end":{"line":135,"column":4}},"26":{"start":{"line":138,"column":0},"end":{"line":138,"column":32}}},"fnMap":{"0":{"name":"(anonymous_0)","decl":{"start":{"line":9,"column":46},"end":{"line":9,"column":47}},"loc":{"start":{"line":15,"column":5},"end":{"line":136,"column":1}}},"1":{"name":"(anonymous_1)","decl":{"start":{"line":20,"column":28},"end":{"line":20,"column":31}},"loc":{"start":{"line":20,"column":33},"end":{"line":38,"column":3}}},"2":{"name":"(anonymous_2)","decl":{"start":{"line":23,"column":67},"end":{"line":23,"column":68}},"loc":{"start":{"line":23,"column":81},"end":{"line":37,"column":5}}},"3":{"name":"(anonymous_3)","decl":{"start":{"line":42,"column":4},"end":{"line":42,"column":7}},"loc":{"start":{"line":42,"column":11},"end":{"line":91,"column":6}}},"4":{"name":"(anonymous_4)","decl":{"start":{"line":65,"column":21},"end":{"line":65,"column":22}},"loc":{"start":{"line":66,"column":12},"end":{"line":66,"column":90}}},"5":{"name":"(anonymous_5)","decl":{"start":{"line":97,"column":4},"end":{"line":97,"column":7}},"loc":{"start":{"line":97,"column":10},"end":{"line":102,"column":null}}}},"branchMap":{"0":{"loc":{"start":{"line":14,"column":2},"end":{"line":14,"column":18}},"type":"default-arg","locations":[{"start":{"line":14,"column":13},"end":{"line":14,"column":18}}]},"1":{"loc":{"start":{"line":21,"column":4},"end":{"line":21,"column":33}},"type":"if","locations":[{"start":{"line":21,"column":4},"end":{"line":21,"column":33}}]},"2":{"loc":{"start":{"line":28,"column":6},"end":{"line":28,"column":67}},"type":"if","locations":[{"start":{"line":28,"column":6},"end":{"line":28,"column":67}}]},"3":{"loc":{"start":{"line":28,"column":10},"end":{"line":28,"column":54}},"type":"binary-expr","locations":[{"start":{"line":28,"column":10},"end":{"line":28,"column":18}},{"start":{"line":28,"column":22},"end":{"line":28,"column":30}},{"start":{"line":28,"column":34},"end":{"line":28,"column":41}},{"start":{"line":28,"column":45},"end":{"line":28,"column":54}}]},"4":{"loc":{"start":{"line":32,"column":11},"end":{"line":32,"column":74}},"type":"cond-expr","locations":[{"start":{"line":32,"column":32},"end":{"line":32,"column":39}},{"start":{"line":32,"column":42},"end":{"line":32,"column":74}}]},"5":{"loc":{"start":{"line":44,"column":15},"end":{"line":44,"column":54}},"type":"cond-expr","locations":[{"start":{"line":44,"column":36},"end":{"line":44,"column":40}},{"start":{"line":44,"column":43},"end":{"line":44,"column":54}}]},"6":{"loc":{"start":{"line":49,"column":25},"end":{"line":49,"column":65}},"type":"binary-expr","locations":[{"start":{"line":49,"column":25},"end":{"line":49,"column":43}},{"start":{"line":49,"column":47},"end":{"line":49,"column":65}}]},"7":{"loc":{"start":{"line":51,"column":14},"end":{"line":51,"column":58}},"type":"cond-expr","locations":[{"start":{"line":51,"column":35},"end":{"line":51,"column":46}},{"start":{"line":51,"column":49},"end":{"line":51,"column":58}}]},"8":{"loc":{"start":{"line":59,"column":20},"end":{"line":59,"column":54}},"type":"cond-expr","locations":[{"start":{"line":59,"column":41},"end":{"line":59,"column":42}},{"start":{"line":59,"column":45},"end":{"line":59,"column":54}}]},"9":{"loc":{"start":{"line":66,"column":12},"end":{"line":66,"column":90}},"type":"cond-expr","locations":[{"start":{"line":66,"column":28},"end":{"line":66,"column":59}},{"start":{"line":66,"column":62},"end":{"line":66,"column":90}}]},"10":{"loc":{"start":{"line":89,"column":15},"end":{"line":89,"column":41}},"type":"cond-expr","locations":[{"start":{"line":89,"column":36},"end":{"line":89,"column":37}},{"start":{"line":89,"column":40},"end":{"line":89,"column":41}}]},"11":{"loc":{"start":{"line":107,"column":2},"end":{"line":124,"column":3}},"type":"if","locations":[{"start":{"line":107,"column":2},"end":{"line":124,"column":3}}]},"12":{"loc":{"start":{"line":131,"column":14},"end":{"line":131,"column":53}},"type":"cond-expr","locations":[{"start":{"line":131,"column":35},"end":{"line":131,"column":39}},{"start":{"line":131,"column":42},"end":{"line":131,"column":53}}]}},"s":{"0":0,"1":0,"2":0,"3":0,"4":0,"5":0,"6":0,"7":0,"8":0,"9":0,"10":0,"11":0,"12":0,"13":0,"14":0,"15":0,"16":0,"17":0,"18":0,"19":0,"20":0,"21":0,"22":0,"23":0,"24":0,"25":0,"26":0},"f":{"0":0,"1":0,"2":0,"3":0,"4":0,"5":0},"b":{"0":[0],"1":[0],"2":[0],"3":[0,0,0,0],"4":[0,0],"5":[0,0],"6":[0,0],"7":[0,0],"8":[0,0],"9":[0,0],"10":[0,0],"11":[0],"12":[0,0]}}
,"/Users/karim/Desktop/BurjX-cryptocurrency-dashboard/src/features/coin-details/components/TimeframeSelector.tsx": {"path":"/Users/karim/Desktop/BurjX-cryptocurrency-dashboard/src/features/coin-details/components/TimeframeSelector.tsx","statementMap":{"0":{"start":{"line":1,"column":0},"end":{"line":1,"column":44}},"1":{"start":{"line":3,"column":0},"end":{"line":3,"column":38}},"2":{"start":{"line":5,"column":26},"end":{"line":29,"column":1}},"3":{"start":{"line":6,"column":2},"end":{"line":28,"column":4}},"4":{"start":{"line":9,"column":8},"end":{"line":10,"column":null}},"5":{"start":{"line":13,"column":25},"end":{"line":13,"column":44}},"6":{"start":{"line":31,"column":0},"end":{"line":31,"column":33}}},"fnMap":{"0":{"name":"(anonymous_0)","decl":{"start":{"line":5,"column":26},"end":{"line":5,"column":27}},"loc":{"start":{"line":5,"column":78},"end":{"line":29,"column":1}}},"1":{"name":"(anonymous_1)","decl":{"start":{"line":8,"column":22},"end":{"line":8,"column":23}},"loc":{"start":{"line":9,"column":8},"end":{"line":10,"column":null}}},"2":{"name":"(anonymous_2)","decl":{"start":{"line":13,"column":19},"end":{"line":13,"column":22}},"loc":{"start":{"line":13,"column":25},"end":{"line":13,"column":44}}}},"branchMap":{"0":{"loc":{"start":{"line":15,"column":19},"end":{"line":15,"column":61}},"type":"cond-expr","locations":[{"start":{"line":15,"column":45},"end":{"line":15,"column":52}},{"start":{"line":15,"column":55},"end":{"line":15,"column":61}}]},"1":{"loc":{"start":{"line":16,"column":21},"end":{"line":16,"column":72}},"type":"cond-expr","locations":[{"start":{"line":16,"column":47},"end":{"line":16,"column":56}},{"start":{"line":16,"column":59},"end":{"line":16,"column":72}}]},"2":{"loc":{"start":{"line":20,"column":23},"end":{"line":20,"column":87}},"type":"cond-expr","locations":[{"start":{"line":20,"column":49},"end":{"line":20,"column":58}},{"start":{"line":20,"column":61},"end":{"line":20,"column":87}}]}},"s":{"0":0,"1":0,"2":0,"3":0,"4":0,"5":0,"6":0},"f":{"0":0,"1":0,"2":0},"b":{"0":[0,0],"1":[0,0],"2":[0,0]}}
,"/Users/karim/Desktop/BurjX-cryptocurrency-dashboard/src/features/coin-details/components/index.ts": {"path":"/Users/karim/Desktop/BurjX-cryptocurrency-dashboard/src/features/coin-details/components/index.ts","statementMap":{"0":{"start":{"line":1,"column":0},"end":{"line":1,"column":9}},"1":{"start":{"line":1,"column":9},"end":{"line":1,"column":32}},"2":{"start":{"line":2,"column":0},"end":{"line":2,"column":9}},"3":{"start":{"line":2,"column":9},"end":{"line":2,"column":30}},"4":{"start":{"line":3,"column":0},"end":{"line":3,"column":9}},"5":{"start":{"line":3,"column":9},"end":{"line":3,"column":36}},"6":{"start":{"line":4,"column":0},"end":{"line":4,"column":9}},"7":{"start":{"line":4,"column":9},"end":{"line":4,"column":37}},"8":{"start":{"line":5,"column":0},"end":{"line":5,"column":9}},"9":{"start":{"line":5,"column":9},"end":{"line":5,"column":37}},"10":{"start":{"line":6,"column":0},"end":{"line":6,"column":9}},"11":{"start":{"line":6,"column":9},"end":{"line":6,"column":35}}},"fnMap":{"0":{"name":"(anonymous_0)","decl":{"start":{"line":1,"column":9},"end":{"line":1,"column":16}},"loc":{"start":{"line":1,"column":9},"end":{"line":1,"column":32}}},"1":{"name":"(anonymous_1)","decl":{"start":{"line":2,"column":9},"end":{"line":2,"column":16}},"loc":{"start":{"line":2,"column":9},"end":{"line":2,"column":30}}},"2":{"name":"(anonymous_2)","decl":{"start":{"line":3,"column":9},"end":{"line":3,"column":16}},"loc":{"start":{"line":3,"column":9},"end":{"line":3,"column":36}}},"3":{"name":"(anonymous_3)","decl":{"start":{"line":4,"column":9},"end":{"line":4,"column":16}},"loc":{"start":{"line":4,"column":9},"end":{"line":4,"column":37}}},"4":{"name":"(anonymous_4)","decl":{"start":{"line":5,"column":9},"end":{"line":5,"column":16}},"loc":{"start":{"line":5,"column":9},"end":{"line":5,"column":37}}},"5":{"name":"(anonymous_5)","decl":{"start":{"line":6,"column":9},"end":{"line":6,"column":16}},"loc":{"start":{"line":6,"column":9},"end":{"line":6,"column":35}}}},"branchMap":{},"s":{"0":0,"1":0,"2":0,"3":0,"4":0,"5":0,"6":0,"7":0,"8":0,"9":0,"10":0,"11":0},"f":{"0":0,"1":0,"2":0,"3":0,"4":0,"5":0},"b":{}}
,"/Users/karim/Desktop/BurjX-cryptocurrency-dashboard/src/features/coin-details/pages/CoinDetails.tsx": {"path":"/Users/karim/Desktop/BurjX-cryptocurrency-dashboard/src/features/coin-details/pages/CoinDetails.tsx","statementMap":{"0":{"start":{"line":1,"column":0},"end":{"line":1,"column":42}},"1":{"start":{"line":2,"column":0},"end":{"line":2,"column":45}},"2":{"start":{"line":3,"column":0},"end":{"line":3,"column":93}},"3":{"start":{"line":4,"column":0},"end":{"line":4,"column":62}},"4":{"start":{"line":5,"column":0},"end":{"line":5,"column":40}},"5":{"start":{"line":6,"column":0},"end":{"line":6,"column":69}},"6":{"start":{"line":8,"column":0},"end":{"line":8,"column":49}},"7":{"start":{"line":9,"column":0},"end":{"line":9,"column":35}},"8":{"start":{"line":10,"column":0},"end":{"line":10,"column":52}},"9":{"start":{"line":12,"column":19},"end":{"line":12,"column":65}},"10":{"start":{"line":12,"column":29},"end":{"line":12,"column":64}},"11":{"start":{"line":13,"column":21},"end":{"line":13,"column":69}},"12":{"start":{"line":13,"column":31},"end":{"line":13,"column":68}},"13":{"start":{"line":14,"column":26},"end":{"line":14,"column":79}},"14":{"start":{"line":14,"column":36},"end":{"line":14,"column":78}},"15":{"start":{"line":16,"column":20},"end":{"line":143,"column":1}},"16":{"start":{"line":17,"column":19},"end":{"line":17,"column":24}},"17":{"start":{"line":18,"column":18},"end":{"line":18,"column":22}},"18":{"start":{"line":19,"column":22},"end":{"line":19,"column":35}},"19":{"start":{"line":20,"column":21},"end":{"line":20,"column":52}},"20":{"start":{"line":21,"column":42},"end":{"line":21,"column":78}},"21":{"start":{"line":22,"column":36},"end":{"line":22,"column":81}},"22":{"start":{"line":23,"column":36},"end":{"line":23,"column":53}},"23":{"start":{"line":26,"column":47},"end":{"line":26,"column":58}},"24":{"start":{"line":29,"column":2},"end":{"line":34,"column":22}},"25":{"start":{"line":30,"column":4},"end":{"line":33,"column":5}},"26":{"start":{"line":31,"column":20},"end":{"line":31,"column":60}},"27":{"start":{"line":31,"column":41},"end":{"line":31,"column":59}},"28":{"start":{"line":32,"column":6},"end":{"line":32,"column":40}},"29":{"start":{"line":32,"column":17},"end":{"line":32,"column":40}},"30":{"start":{"line":36,"column":15},"end":{"line":36,"column":66}},"31":{"start":{"line":36,"column":29},"end":{"line":36,"column":52}},"32":{"start":{"line":38,"column":57},"end":{"line":40,"column":null}},"33":{"start":{"line":44,"column":32},"end":{"line":46,"column":3}},"34":{"start":{"line":45,"column":4},"end":{"line":45,"column":26}},"35":{"start":{"line":49,"column":2},"end":{"line":57,"column":3}},"36":{"start":{"line":50,"column":4},"end":{"line":56,"column":6}},"37":{"start":{"line":59,"column":2},"end":{"line":142,"column":4}},"38":{"start":{"line":70,"column":36},"end":{"line":70,"column":74}},"39":{"start":{"line":145,"column":0},"end":{"line":145,"column":27}}},"fnMap":{"0":{"name":"(anonymous_0)","decl":{"start":{"line":12,"column":24},"end":{"line":12,"column":27}},"loc":{"start":{"line":12,"column":29},"end":{"line":12,"column":64}}},"1":{"name":"(anonymous_1)","decl":{"start":{"line":12,"column":29},"end":{"line":12,"column":37}},"loc":{"start":{"line":12,"column":29},"end":{"line":12,"column":64}}},"2":{"name":"(anonymous_2)","decl":{"start":{"line":13,"column":26},"end":{"line":13,"column":29}},"loc":{"start":{"line":13,"column":31},"end":{"line":13,"column":68}}},"3":{"name":"(anonymous_3)","decl":{"start":{"line":13,"column":31},"end":{"line":13,"column":39}},"loc":{"start":{"line":13,"column":31},"end":{"line":13,"column":68}}},"4":{"name":"(anonymous_4)","decl":{"start":{"line":14,"column":31},"end":{"line":14,"column":34}},"loc":{"start":{"line":14,"column":36},"end":{"line":14,"column":78}}},"5":{"name":"(anonymous_5)","decl":{"start":{"line":14,"column":36},"end":{"line":14,"column":44}},"loc":{"start":{"line":14,"column":36},"end":{"line":14,"column":78}}},"6":{"name":"(anonymous_6)","decl":{"start":{"line":16,"column":20},"end":{"line":16,"column":23}},"loc":{"start":{"line":16,"column":25},"end":{"line":143,"column":1}}},"7":{"name":"(anonymous_7)","decl":{"start":{"line":29,"column":12},"end":{"line":29,"column":15}},"loc":{"start":{"line":29,"column":17},"end":{"line":34,"column":3}}},"8":{"name":"(anonymous_8)","decl":{"start":{"line":31,"column":31},"end":{"line":31,"column":32}},"loc":{"start":{"line":31,"column":41},"end":{"line":31,"column":59}}},"9":{"name":"(anonymous_9)","decl":{"start":{"line":36,"column":23},"end":{"line":36,"column":26}},"loc":{"start":{"line":36,"column":29},"end":{"line":36,"column":52}}},"10":{"name":"(anonymous_10)","decl":{"start":{"line":44,"column":32},"end":{"line":44,"column":33}},"loc":{"start":{"line":44,"column":68},"end":{"line":46,"column":3}}},"11":{"name":"(anonymous_11)","decl":{"start":{"line":70,"column":26},"end":{"line":70,"column":27}},"loc":{"start":{"line":70,"column":36},"end":{"line":70,"column":74}}}},"branchMap":{"0":{"loc":{"start":{"line":30,"column":4},"end":{"line":33,"column":5}},"type":"if","locations":[{"start":{"line":30,"column":4},"end":{"line":33,"column":5}}]},"1":{"loc":{"start":{"line":30,"column":8},"end":{"line":30,"column":34}},"type":"binary-expr","locations":[{"start":{"line":30,"column":8},"end":{"line":30,"column":24}},{"start":{"line":30,"column":28},"end":{"line":30,"column":34}}]},"2":{"loc":{"start":{"line":32,"column":6},"end":{"line":32,"column":40}},"type":"if","locations":[{"start":{"line":32,"column":6},"end":{"line":32,"column":40}}]},"3":{"loc":{"start":{"line":36,"column":29},"end":{"line":36,"column":52}},"type":"binary-expr","locations":[{"start":{"line":36,"column":29},"end":{"line":36,"column":47}},{"start":{"line":36,"column":51},"end":{"line":36,"column":52}}]},"4":{"loc":{"start":{"line":39,"column":4},"end":{"line":39,"column":32}},"type":"binary-expr","locations":[{"start":{"line":39,"column":4},"end":{"line":39,"column":27}},{"start":{"line":39,"column":31},"end":{"line":39,"column":32}}]},"5":{"loc":{"start":{"line":49,"column":2},"end":{"line":57,"column":3}},"type":"if","locations":[{"start":{"line":49,"column":2},"end":{"line":57,"column":3}}]},"6":{"loc":{"start":{"line":49,"column":6},"end":{"line":49,"column":37}},"type":"binary-expr","locations":[{"start":{"line":49,"column":6},"end":{"line":49,"column":19}},{"start":{"line":49,"column":23},"end":{"line":49,"column":37}}]},"7":{"loc":{"start":{"line":107,"column":25},"end":{"line":107,"column":99}},"type":"cond-expr","locations":[{"start":{"line":107,"column":78},"end":{"line":107,"column":87}},{"start":{"line":107,"column":90},"end":{"line":107,"column":99}}]},"8":{"loc":{"start":{"line":107,"column":26},"end":{"line":107,"column":69}},"type":"binary-expr","locations":[{"start":{"line":107,"column":26},"end":{"line":107,"column":64}},{"start":{"line":107,"column":68},"end":{"line":107,"column":69}}]},"9":{"loc":{"start":{"line":111,"column":19},"end":{"line":111,"column":80}},"type":"cond-expr","locations":[{"start":{"line":111,"column":72},"end":{"line":111,"column":75}},{"start":{"line":111,"column":78},"end":{"line":111,"column":80}}]},"10":{"loc":{"start":{"line":111,"column":20},"end":{"line":111,"column":63}},"type":"binary-expr","locations":[{"start":{"line":111,"column":20},"end":{"line":111,"column":58}},{"start":{"line":111,"column":62},"end":{"line":111,"column":63}}]},"11":{"loc":{"start":{"line":112,"column":20},"end":{"line":112,"column":63}},"type":"binary-expr","locations":[{"start":{"line":112,"column":20},"end":{"line":112,"column":58}},{"start":{"line":112,"column":62},"end":{"line":112,"column":63}}]},"12":{"loc":{"start":{"line":120,"column":13},"end":{"line":136,"column":null}},"type":"cond-expr","locations":[{"start":{"line":121,"column":14},"end":{"line":122,"column":null}},{"start":{"line":125,"column":14},"end":{"line":135,"column":null}}]},"13":{"loc":{"start":{"line":127,"column":24},"end":{"line":127,"column":65}},"type":"cond-expr","locations":[{"start":{"line":127,"column":51},"end":{"line":127,"column":60}},{"start":{"line":127,"column":63},"end":{"line":127,"column":65}}]},"14":{"loc":{"start":{"line":130,"column":30},"end":{"line":130,"column":71}},"type":"binary-expr","locations":[{"start":{"line":130,"column":30},"end":{"line":130,"column":65}},{"start":{"line":130,"column":69},"end":{"line":130,"column":71}}]}},"s":{"0":0,"1":0,"2":0,"3":0,"4":0,"5":0,"6":0,"7":0,"8":0,"9":0,"10":0,"11":0,"12":0,"13":0,"14":0,"15":0,"16":0,"17":0,"18":0,"19":0,"20":0,"21":0,"22":0,"23":0,"24":0,"25":0,"26":0,"27":0,"28":0,"29":0,"30":0,"31":0,"32":0,"33":0,"34":0,"35":0,"36":0,"37":0,"38":0,"39":0},"f":{"0":0,"1":0,"2":0,"3":0,"4":0,"5":0,"6":0,"7":0,"8":0,"9":0,"10":0,"11":0},"b":{"0":[0],"1":[0,0],"2":[0],"3":[0,0],"4":[0,0],"5":[0],"6":[0,0],"7":[0,0],"8":[0,0],"9":[0,0],"10":[0,0],"11":[0,0],"12":[0,0],"13":[0,0],"14":[0,0]}}
,"/Users/karim/Desktop/BurjX-cryptocurrency-dashboard/src/features/coin-details/pages/index.ts": {"path":"/Users/karim/Desktop/BurjX-cryptocurrency-dashboard/src/features/coin-details/pages/index.ts","statementMap":{"0":{"start":{"line":1,"column":0},"end":{"line":1,"column":7}},"1":{"start":{"line":3,"column":9},"end":{"line":1,"column":40}}},"fnMap":{},"branchMap":{},"s":{"0":0,"1":0},"f":{},"b":{}}
,"/Users/karim/Desktop/BurjX-cryptocurrency-dashboard/src/features/coin-details/utils/index.ts": {"path":"/Users/karim/Desktop/BurjX-cryptocurrency-dashboard/src/features/coin-details/utils/index.ts","statementMap":{"0":{"start":{"line":1,"column":13},"end":{"line":7,"column":2}},"1":{"start":{"line":10,"column":29},"end":{"line":25,"column":1}},"2":{"start":{"line":11,"column":2},"end":{"line":24,"column":3}},"3":{"start":{"line":13,"column":6},"end":{"line":13,"column":21}},"4":{"start":{"line":15,"column":6},"end":{"line":15,"column":21}},"5":{"start":{"line":18,"column":6},"end":{"line":18,"column":22}},"6":{"start":{"line":21,"column":6},"end":{"line":21,"column":24}},"7":{"start":{"line":23,"column":6},"end":{"line":23,"column":28}},"8":{"start":{"line":10,"column":13},"end":{"line":10,"column":29}},"9":{"start":{"line":27,"column":13},"end":{"line":27,"column":64}}},"fnMap":{"0":{"name":"(anonymous_0)","decl":{"start":{"line":10,"column":29},"end":{"line":10,"column":30}},"loc":{"start":{"line":10,"column":59},"end":{"line":25,"column":1}}}},"branchMap":{"0":{"loc":{"start":{"line":11,"column":2},"end":{"line":24,"column":3}},"type":"switch","locations":[{"start":{"line":12,"column":4},"end":{"line":13,"column":21}},{"start":{"line":14,"column":4},"end":{"line":15,"column":21}},{"start":{"line":16,"column":4},"end":{"line":16,"column":14}},{"start":{"line":17,"column":4},"end":{"line":18,"column":22}},{"start":{"line":19,"column":4},"end":{"line":19,"column":14}},{"start":{"line":20,"column":4},"end":{"line":21,"column":24}},{"start":{"line":22,"column":4},"end":{"line":23,"column":28}}]}},"s":{"0":0,"1":0,"2":0,"3":0,"4":0,"5":0,"6":0,"7":0,"8":0,"9":0},"f":{"0":0},"b":{"0":[0,0,0,0,0,0,0]}}
,"/Users/karim/Desktop/BurjX-cryptocurrency-dashboard/src/features/market/components/CryptoCard.tsx": {"path":"/Users/karim/Desktop/BurjX-cryptocurrency-dashboard/src/features/market/components/CryptoCard.tsx","statementMap":{"0":{"start":{"line":1,"column":0},"end":{"line":1,"column":39}},"1":{"start":{"line":2,"column":0},"end":{"line":2,"column":71}},"2":{"start":{"line":5,"column":19},"end":{"line":72,"column":1}},"3":{"start":{"line":6,"column":20},"end":{"line":6,"column":56}},"4":{"start":{"line":9,"column":44},"end":{"line":20,"column":24}},"5":{"start":{"line":10,"column":22},"end":{"line":13,"column":7}},"6":{"start":{"line":10,"column":58},"end":{"line":13,"column":6}},"7":{"start":{"line":15,"column":24},"end":{"line":15,"column":59}},"8":{"start":{"line":15,"column":48},"end":{"line":15,"column":58}},"9":{"start":{"line":16,"column":21},"end":{"line":16,"column":53}},"10":{"start":{"line":17,"column":21},"end":{"line":17,"column":53}},"11":{"start":{"line":19,"column":4},"end":{"line":19,"column":45}},"12":{"start":{"line":22,"column":2},"end":{"line":71,"column":4}},"13":{"start":{"line":74,"column":0},"end":{"line":74,"column":38}}},"fnMap":{"0":{"name":"(anonymous_0)","decl":{"start":{"line":5,"column":19},"end":{"line":5,"column":20}},"loc":{"start":{"line":5,"column":51},"end":{"line":72,"column":1}}},"1":{"name":"(anonymous_1)","decl":{"start":{"line":9,"column":52},"end":{"line":9,"column":55}},"loc":{"start":{"line":9,"column":57},"end":{"line":20,"column":3}}},"2":{"name":"(anonymous_2)","decl":{"start":{"line":10,"column":43},"end":{"line":10,"column":44}},"loc":{"start":{"line":10,"column":58},"end":{"line":13,"column":6}}},"3":{"name":"(anonymous_3)","decl":{"start":{"line":15,"column":38},"end":{"line":15,"column":39}},"loc":{"start":{"line":15,"column":48},"end":{"line":15,"column":58}}}},"branchMap":{"0":{"loc":{"start":{"line":49,"column":22},"end":{"line":49,"column":55}},"type":"cond-expr","locations":[{"start":{"line":49,"column":34},"end":{"line":49,"column":43}},{"start":{"line":49,"column":46},"end":{"line":49,"column":55}}]},"1":{"loc":{"start":{"line":63,"column":12},"end":{"line":63,"column":null}},"type":"cond-expr","locations":[{"start":{"line":63,"column":24},"end":{"line":63,"column":40}},{"start":{"line":63,"column":43},"end":{"line":63,"column":null}}]},"2":{"loc":{"start":{"line":66,"column":11},"end":{"line":66,"column":31}},"type":"cond-expr","locations":[{"start":{"line":66,"column":23},"end":{"line":66,"column":26}},{"start":{"line":66,"column":29},"end":{"line":66,"column":31}}]}},"s":{"0":0,"1":0,"2":0,"3":0,"4":0,"5":0,"6":0,"7":0,"8":0,"9":0,"10":0,"11":0,"12":0,"13":0},"f":{"0":0,"1":0,"2":0,"3":0},"b":{"0":[0,0],"1":[0,0],"2":[0,0]}}
,"/Users/karim/Desktop/BurjX-cryptocurrency-dashboard/src/features/market/components/CryptoGrid.tsx": {"path":"/Users/karim/Desktop/BurjX-cryptocurrency-dashboard/src/features/market/components/CryptoGrid.tsx","statementMap":{"0":{"start":{"line":1,"column":0},"end":{"line":1,"column":38}},"1":{"start":{"line":4,"column":19},"end":{"line":11,"column":null}},"2":{"start":{"line":5,"column":2},"end":{"line":10,"column":null}},"3":{"start":{"line":8,"column":8},"end":{"line":8,"column":52}},"4":{"start":{"line":14,"column":0},"end":{"line":14,"column":26}}},"fnMap":{"0":{"name":"(anonymous_0)","decl":{"start":{"line":4,"column":19},"end":{"line":4,"column":20}},"loc":{"start":{"line":5,"column":2},"end":{"line":10,"column":null}}},"1":{"name":"(anonymous_1)","decl":{"start":{"line":7,"column":16},"end":{"line":7,"column":17}},"loc":{"start":{"line":8,"column":8},"end":{"line":8,"column":52}}}},"branchMap":{},"s":{"0":0,"1":0,"2":0,"3":0,"4":0},"f":{"0":0,"1":0},"b":{}}
,"/Users/karim/Desktop/BurjX-cryptocurrency-dashboard/src/features/market/components/CryptoTabs.tsx": {"path":"/Users/karim/Desktop/BurjX-cryptocurrency-dashboard/src/features/market/components/CryptoTabs.tsx","statementMap":{"0":{"start":{"line":1,"column":0},"end":{"line":1,"column":26}},"1":{"start":{"line":2,"column":0},"end":{"line":2,"column":62}},"2":{"start":{"line":4,"column":19},"end":{"line":32,"column":1}},"3":{"start":{"line":6,"column":27},"end":{"line":6,"column":95}},"4":{"start":{"line":6,"column":63},"end":{"line":6,"column":82}},"5":{"start":{"line":6,"column":69},"end":{"line":6,"column":82}},"6":{"start":{"line":8,"column":2},"end":{"line":31,"column":4}},"7":{"start":{"line":11,"column":27},"end":{"line":11,"column":43}},"8":{"start":{"line":12,"column":28},"end":{"line":16,"column":10}},"9":{"start":{"line":18,"column":8},"end":{"line":28,"column":10}},"10":{"start":{"line":34,"column":0},"end":{"line":34,"column":38}}},"fnMap":{"0":{"name":"(anonymous_0)","decl":{"start":{"line":4,"column":19},"end":{"line":4,"column":20}},"loc":{"start":{"line":4,"column":63},"end":{"line":32,"column":1}}},"1":{"name":"(anonymous_1)","decl":{"start":{"line":6,"column":45},"end":{"line":6,"column":46}},"loc":{"start":{"line":6,"column":63},"end":{"line":6,"column":82}}},"2":{"name":"(anonymous_2)","decl":{"start":{"line":6,"column":63},"end":{"line":6,"column":66}},"loc":{"start":{"line":6,"column":69},"end":{"line":6,"column":82}}},"3":{"name":"(anonymous_3)","decl":{"start":{"line":10,"column":16},"end":{"line":10,"column":17}},"loc":{"start":{"line":10,"column":24},"end":{"line":29,"column":7}}}},"branchMap":{"0":{"loc":{"start":{"line":13,"column":10},"end":{"line":15,"column":null}},"type":"cond-expr","locations":[{"start":{"line":14,"column":14},"end":{"line":14,"column":60}},{"start":{"line":15,"column":14},"end":{"line":15,"column":null}}]}},"s":{"0":0,"1":0,"2":0,"3":0,"4":0,"5":0,"6":0,"7":0,"8":0,"9":0,"10":0},"f":{"0":0,"1":0,"2":0,"3":0},"b":{"0":[0,0]}}
,"/Users/karim/Desktop/BurjX-cryptocurrency-dashboard/src/features/market/components/MarketChart.tsx": {"path":"/Users/karim/Desktop/BurjX-cryptocurrency-dashboard/src/features/market/components/MarketChart.tsx","statementMap":{"0":{"start":{"line":1,"column":0},"end":{"line":1,"column":39}},"1":{"start":{"line":2,"column":0},"end":{"line":2,"column":71}},"2":{"start":{"line":5,"column":20},"end":{"line":34,"column":1}},"3":{"start":{"line":6,"column":22},"end":{"line":6,"column":56}},"4":{"start":{"line":9,"column":34},"end":{"line":14,"column":17}},"5":{"start":{"line":10,"column":22},"end":{"line":10,"column":77}},"6":{"start":{"line":10,"column":51},"end":{"line":10,"column":75}},"7":{"start":{"line":11,"column":16},"end":{"line":11,"column":46}},"8":{"start":{"line":12,"column":16},"end":{"line":12,"column":46}},"9":{"start":{"line":13,"column":4},"end":{"line":13,"column":35}},"10":{"start":{"line":16,"column":2},"end":{"line":33,"column":4}},"11":{"start":{"line":36,"column":0},"end":{"line":36,"column":39}}},"fnMap":{"0":{"name":"(anonymous_0)","decl":{"start":{"line":5,"column":20},"end":{"line":5,"column":21}},"loc":{"start":{"line":5,"column":68},"end":{"line":34,"column":1}}},"1":{"name":"(anonymous_1)","decl":{"start":{"line":9,"column":42},"end":{"line":9,"column":45}},"loc":{"start":{"line":9,"column":47},"end":{"line":14,"column":3}}},"2":{"name":"(anonymous_2)","decl":{"start":{"line":10,"column":36},"end":{"line":10,"column":37}},"loc":{"start":{"line":10,"column":51},"end":{"line":10,"column":75}}}},"branchMap":{"0":{"loc":{"start":{"line":6,"column":22},"end":{"line":6,"column":56}},"type":"cond-expr","locations":[{"start":{"line":6,"column":35},"end":{"line":6,"column":44}},{"start":{"line":6,"column":47},"end":{"line":6,"column":56}}]}},"s":{"0":0,"1":0,"2":0,"3":0,"4":0,"5":0,"6":0,"7":0,"8":0,"9":0,"10":0,"11":0},"f":{"0":0,"1":0,"2":0},"b":{"0":[0,0]}}
,"/Users/karim/Desktop/BurjX-cryptocurrency-dashboard/src/features/market/components/MarketTable.tsx": {"path":"/Users/karim/Desktop/BurjX-cryptocurrency-dashboard/src/features/market/components/MarketTable.tsx","statementMap":{"0":{"start":{"line":1,"column":0},"end":{"line":1,"column":26}},"1":{"start":{"line":2,"column":0},"end":{"line":2,"column":46}},"2":{"start":{"line":4,"column":0},"end":{"line":4,"column":39}},"3":{"start":{"line":6,"column":20},"end":{"line":39,"column":1}},"4":{"start":{"line":7,"column":2},"end":{"line":9,"column":3}},"5":{"start":{"line":8,"column":4},"end":{"line":8,"column":97}},"6":{"start":{"line":11,"column":2},"end":{"line":38,"column":4}},"7":{"start":{"line":20,"column":14},"end":{"line":20,"column":34}},"8":{"start":{"line":33,"column":12},"end":{"line":33,"column":42}},"9":{"start":{"line":41,"column":0},"end":{"line":41,"column":39}}},"fnMap":{"0":{"name":"(anonymous_0)","decl":{"start":{"line":6,"column":20},"end":{"line":6,"column":21}},"loc":{"start":{"line":6,"column":52},"end":{"line":39,"column":1}}},"1":{"name":"(anonymous_1)","decl":{"start":{"line":19,"column":25},"end":{"line":19,"column":26}},"loc":{"start":{"line":20,"column":14},"end":{"line":20,"column":34}}},"2":{"name":"(anonymous_2)","decl":{"start":{"line":32,"column":20},"end":{"line":32,"column":21}},"loc":{"start":{"line":33,"column":12},"end":{"line":33,"column":42}}}},"branchMap":{"0":{"loc":{"start":{"line":7,"column":2},"end":{"line":9,"column":3}},"type":"if","locations":[{"start":{"line":7,"column":2},"end":{"line":9,"column":3}}]},"1":{"loc":{"start":{"line":7,"column":6},"end":{"line":7,"column":32}},"type":"binary-expr","locations":[{"start":{"line":7,"column":6},"end":{"line":7,"column":11}},{"start":{"line":7,"column":15},"end":{"line":7,"column":32}}]},"2":{"loc":{"start":{"line":22,"column":17},"end":{"line":25,"column":null}},"type":"binary-expr","locations":[{"start":{"line":22,"column":17},"end":{"line":22,"column":28}},{"start":{"line":23,"column":18},"end":{"line":23,"column":null}}]}},"s":{"0":0,"1":0,"2":0,"3":0,"4":0,"5":0,"6":0,"7":0,"8":0,"9":0},"f":{"0":0,"1":0,"2":0},"b":{"0":[0],"1":[0,0],"2":[0,0]}}
,"/Users/karim/Desktop/BurjX-cryptocurrency-dashboard/src/features/market/components/MarketTableRow.tsx": {"path":"/Users/karim/Desktop/BurjX-cryptocurrency-dashboard/src/features/market/components/MarketTableRow.tsx","statementMap":{"0":{"start":{"line":1,"column":0},"end":{"line":1,"column":47}},"1":{"start":{"line":3,"column":0},"end":{"line":3,"column":71}},"2":{"start":{"line":4,"column":0},"end":{"line":4,"column":56}},"3":{"start":{"line":5,"column":0},"end":{"line":5,"column":39}},"4":{"start":{"line":7,"column":23},"end":{"line":98,"column":1}},"5":{"start":{"line":8,"column":19},"end":{"line":8,"column":32}},"6":{"start":{"line":10,"column":27},"end":{"line":12,"column":3}},"7":{"start":{"line":11,"column":4},"end":{"line":11,"column":33}},"8":{"start":{"line":15,"column":55},"end":{"line":27,"column":53}},"9":{"start":{"line":16,"column":22},"end":{"line":19,"column":7}},"10":{"start":{"line":16,"column":56},"end":{"line":19,"column":6}},"11":{"start":{"line":21,"column":24},"end":{"line":21,"column":59}},"12":{"start":{"line":21,"column":48},"end":{"line":21,"column":58}},"13":{"start":{"line":22,"column":21},"end":{"line":22,"column":53}},"14":{"start":{"line":23,"column":21},"end":{"line":23,"column":53}},"15":{"start":{"line":24,"column":22},"end":{"line":24,"column":56}},"16":{"start":{"line":26,"column":4},"end":{"line":26,"column":56}},"17":{"start":{"line":29,"column":2},"end":{"line":97,"column":4}},"18":{"start":{"line":100,"column":0},"end":{"line":100,"column":42}}},"fnMap":{"0":{"name":"(anonymous_0)","decl":{"start":{"line":7,"column":23},"end":{"line":7,"column":24}},"loc":{"start":{"line":7,"column":57},"end":{"line":98,"column":1}}},"1":{"name":"(anonymous_1)","decl":{"start":{"line":10,"column":27},"end":{"line":10,"column":30}},"loc":{"start":{"line":10,"column":32},"end":{"line":12,"column":3}}},"2":{"name":"(anonymous_2)","decl":{"start":{"line":15,"column":63},"end":{"line":15,"column":66}},"loc":{"start":{"line":15,"column":68},"end":{"line":27,"column":3}}},"3":{"name":"(anonymous_3)","decl":{"start":{"line":16,"column":41},"end":{"line":16,"column":42}},"loc":{"start":{"line":16,"column":56},"end":{"line":19,"column":6}}},"4":{"name":"(anonymous_4)","decl":{"start":{"line":21,"column":38},"end":{"line":21,"column":39}},"loc":{"start":{"line":21,"column":48},"end":{"line":21,"column":58}}}},"branchMap":{"0":{"loc":{"start":{"line":60,"column":26},"end":{"line":60,"column":59}},"type":"cond-expr","locations":[{"start":{"line":60,"column":38},"end":{"line":60,"column":47}},{"start":{"line":60,"column":50},"end":{"line":60,"column":59}}]},"1":{"loc":{"start":{"line":78,"column":14},"end":{"line":78,"column":null}},"type":"cond-expr","locations":[{"start":{"line":78,"column":26},"end":{"line":78,"column":42}},{"start":{"line":78,"column":45},"end":{"line":78,"column":null}}]},"2":{"loc":{"start":{"line":81,"column":13},"end":{"line":81,"column":34}},"type":"cond-expr","locations":[{"start":{"line":81,"column":25},"end":{"line":81,"column":29}},{"start":{"line":81,"column":32},"end":{"line":81,"column":34}}]}},"s":{"0":0,"1":0,"2":0,"3":0,"4":0,"5":0,"6":0,"7":0,"8":0,"9":0,"10":0,"11":0,"12":0,"13":0,"14":0,"15":0,"16":0,"17":0,"18":0},"f":{"0":0,"1":0,"2":0,"3":0,"4":0},"b":{"0":[0,0],"1":[0,0],"2":[0,0]}}
,"/Users/karim/Desktop/BurjX-cryptocurrency-dashboard/src/features/market/components/index.ts": {"path":"/Users/karim/Desktop/BurjX-cryptocurrency-dashboard/src/features/market/components/index.ts","statementMap":{"0":{"start":{"line":1,"column":0},"end":{"line":1,"column":7}},"1":{"start":{"line":8,"column":21},"end":{"line":1,"column":38}},"2":{"start":{"line":2,"column":0},"end":{"line":2,"column":7}},"3":{"start":{"line":8,"column":33},"end":{"line":2,"column":38}},"4":{"start":{"line":3,"column":0},"end":{"line":3,"column":7}},"5":{"start":{"line":8,"column":9},"end":{"line":3,"column":38}},"6":{"start":{"line":4,"column":0},"end":{"line":4,"column":7}},"7":{"start":{"line":8,"column":45},"end":{"line":4,"column":40}},"8":{"start":{"line":5,"column":0},"end":{"line":5,"column":7}},"9":{"start":{"line":8,"column":58},"end":{"line":5,"column":40}},"10":{"start":{"line":6,"column":0},"end":{"line":6,"column":7}},"11":{"start":{"line":8,"column":71},"end":{"line":6,"column":46}}},"fnMap":{},"branchMap":{},"s":{"0":0,"1":0,"2":0,"3":0,"4":0,"5":0,"6":0,"7":0,"8":0,"9":0,"10":0,"11":0},"f":{},"b":{}}
,"/Users/karim/Desktop/BurjX-cryptocurrency-dashboard/src/features/market/constants/index.ts": {"path":"/Users/karim/Desktop/BurjX-cryptocurrency-dashboard/src/features/market/constants/index.ts","statementMap":{"0":{"start":{"line":1,"column":16},"end":{"line":9,"column":2}},"1":{"start":{"line":11,"column":9},"end":{"line":11,"column":16}}},"fnMap":{},"branchMap":{},"s":{"0":0,"1":0},"f":{},"b":{}}
,"/Users/karim/Desktop/BurjX-cryptocurrency-dashboard/src/features/market/interface/index.ts": {"path":"/Users/karim/Desktop/BurjX-cryptocurrency-dashboard/src/features/market/interface/index.ts","statementMap":{"0":{"start":{"line":11,"column":13},"end":{"line":11,"column":80}}},"fnMap":{},"branchMap":{},"s":{"0":0},"f":{},"b":{}}
,"/Users/karim/Desktop/BurjX-cryptocurrency-dashboard/src/features/market/pages/MarketPage.tsx": {"path":"/Users/karim/Desktop/BurjX-cryptocurrency-dashboard/src/features/market/pages/MarketPage.tsx","statementMap":{"0":{"start":{"line":1,"column":0},"end":{"line":1,"column":38}},"1":{"start":{"line":2,"column":0},"end":{"line":2,"column":39}},"2":{"start":{"line":3,"column":0},"end":{"line":3,"column":62}},"3":{"start":{"line":6,"column":24},"end":{"line":6,"column":72}},"4":{"start":{"line":6,"column":34},"end":{"line":6,"column":71}},"5":{"start":{"line":7,"column":36},"end":{"line":7,"column":96}},"6":{"start":{"line":7,"column":46},"end":{"line":7,"column":95}},"7":{"start":{"line":9,"column":19},"end":{"line":35,"column":1}},"8":{"start":{"line":10,"column":2},"end":{"line":34,"column":4}},"9":{"start":{"line":37,"column":0},"end":{"line":37,"column":26}}},"fnMap":{"0":{"name":"(anonymous_0)","decl":{"start":{"line":6,"column":29},"end":{"line":6,"column":32}},"loc":{"start":{"line":6,"column":34},"end":{"line":6,"column":71}}},"1":{"name":"(anonymous_1)","decl":{"start":{"line":6,"column":34},"end":{"line":6,"column":42}},"loc":{"start":{"line":6,"column":34},"end":{"line":6,"column":71}}},"2":{"name":"(anonymous_2)","decl":{"start":{"line":7,"column":41},"end":{"line":7,"column":44}},"loc":{"start":{"line":7,"column":46},"end":{"line":7,"column":95}}},"3":{"name":"(anonymous_3)","decl":{"start":{"line":7,"column":46},"end":{"line":7,"column":54}},"loc":{"start":{"line":7,"column":46},"end":{"line":7,"column":95}}},"4":{"name":"(anonymous_4)","decl":{"start":{"line":9,"column":19},"end":{"line":9,"column":22}},"loc":{"start":{"line":9,"column":24},"end":{"line":35,"column":1}}}},"branchMap":{},"s":{"0":0,"1":0,"2":0,"3":0,"4":0,"5":0,"6":0,"7":0,"8":0,"9":0},"f":{"0":0,"1":0,"2":0,"3":0,"4":0},"b":{}}
,"/Users/karim/Desktop/BurjX-cryptocurrency-dashboard/src/features/market/pages/index.ts": {"path":"/Users/karim/Desktop/BurjX-cryptocurrency-dashboard/src/features/market/pages/index.ts","statementMap":{"0":{"start":{"line":1,"column":0},"end":{"line":1,"column":7}},"1":{"start":{"line":3,"column":9},"end":{"line":1,"column":38}}},"fnMap":{},"branchMap":{},"s":{"0":0,"1":0},"f":{},"b":{}}
,"/Users/karim/Desktop/BurjX-cryptocurrency-dashboard/src/features/market/section/MarketCategorizationSection.tsx": {"path":"/Users/karim/Desktop/BurjX-cryptocurrency-dashboard/src/features/market/section/MarketCategorizationSection.tsx","statementMap":{"0":{"start":{"line":1,"column":0},"end":{"line":1,"column":42}},"1":{"start":{"line":2,"column":0},"end":{"line":2,"column":50}},"2":{"start":{"line":3,"column":0},"end":{"line":3,"column":50}},"3":{"start":{"line":5,"column":0},"end":{"line":5,"column":52}},"4":{"start":{"line":6,"column":0},"end":{"line":6,"column":49}},"5":{"start":{"line":8,"column":30},"end":{"line":48,"column":1}},"6":{"start":{"line":9,"column":40},"end":{"line":9,"column":74}},"7":{"start":{"line":12,"column":31},"end":{"line":12,"column":42}},"8":{"start":{"line":15,"column":24},"end":{"line":32,"column":26}},"9":{"start":{"line":16,"column":4},"end":{"line":21,"column":5}},"10":{"start":{"line":17,"column":6},"end":{"line":20,"column":22}},"11":{"start":{"line":18,"column":26},"end":{"line":18,"column":59}},"12":{"start":{"line":19,"column":24},"end":{"line":19,"column":79}},"13":{"start":{"line":23,"column":4},"end":{"line":28,"column":5}},"14":{"start":{"line":24,"column":6},"end":{"line":27,"column":22}},"15":{"start":{"line":25,"column":26},"end":{"line":25,"column":59}},"16":{"start":{"line":26,"column":24},"end":{"line":26,"column":79}},"17":{"start":{"line":31,"column":4},"end":{"line":31,"column":77}},"18":{"start":{"line":31,"column":37},"end":{"line":31,"column":62}},"19":{"start":{"line":34,"column":2},"end":{"line":47,"column":4}},"20":{"start":{"line":50,"column":0},"end":{"line":50,"column":37}}},"fnMap":{"0":{"name":"(anonymous_0)","decl":{"start":{"line":8,"column":30},"end":{"line":8,"column":33}},"loc":{"start":{"line":8,"column":35},"end":{"line":48,"column":1}}},"1":{"name":"(anonymous_1)","decl":{"start":{"line":15,"column":32},"end":{"line":15,"column":35}},"loc":{"start":{"line":15,"column":37},"end":{"line":32,"column":3}}},"2":{"name":"(anonymous_2)","decl":{"start":{"line":18,"column":16},"end":{"line":18,"column":17}},"loc":{"start":{"line":18,"column":26},"end":{"line":18,"column":59}}},"3":{"name":"(anonymous_3)","decl":{"start":{"line":19,"column":14},"end":{"line":19,"column":15}},"loc":{"start":{"line":19,"column":24},"end":{"line":19,"column":79}}},"4":{"name":"(anonymous_4)","decl":{"start":{"line":25,"column":16},"end":{"line":25,"column":17}},"loc":{"start":{"line":25,"column":26},"end":{"line":25,"column":59}}},"5":{"name":"(anonymous_5)","decl":{"start":{"line":26,"column":14},"end":{"line":26,"column":15}},"loc":{"start":{"line":26,"column":24},"end":{"line":26,"column":79}}},"6":{"name":"(anonymous_6)","decl":{"start":{"line":31,"column":27},"end":{"line":31,"column":28}},"loc":{"start":{"line":31,"column":37},"end":{"line":31,"column":62}}}},"branchMap":{"0":{"loc":{"start":{"line":16,"column":4},"end":{"line":21,"column":5}},"type":"if","locations":[{"start":{"line":16,"column":4},"end":{"line":21,"column":5}}]},"1":{"loc":{"start":{"line":23,"column":4},"end":{"line":28,"column":5}},"type":"if","locations":[{"start":{"line":23,"column":4},"end":{"line":28,"column":5}}]},"2":{"loc":{"start":{"line":39,"column":7},"end":{"line":44,"column":null}},"type":"cond-expr","locations":[{"start":{"line":40,"column":8},"end":{"line":41,"column":null}},{"start":{"line":44,"column":8},"end":{"line":44,"column":43}}]},"3":{"loc":{"start":{"line":39,"column":7},"end":{"line":39,"column":38}},"type":"binary-expr","locations":[{"start":{"line":39,"column":7},"end":{"line":39,"column":16}},{"start":{"line":39,"column":20},"end":{"line":39,"column":38}}]}},"s":{"0":0,"1":0,"2":0,"3":0,"4":0,"5":0,"6":0,"7":0,"8":0,"9":0,"10":0,"11":0,"12":0,"13":0,"14":0,"15":0,"16":0,"17":0,"18":0,"19":0,"20":0},"f":{"0":0,"1":0,"2":0,"3":0,"4":0,"5":0,"6":0},"b":{"0":[0],"1":[0],"2":[0,0],"3":[0,0]}}
,"/Users/karim/Desktop/BurjX-cryptocurrency-dashboard/src/features/market/section/MarketListTable.tsx": {"path":"/Users/karim/Desktop/BurjX-cryptocurrency-dashboard/src/features/market/section/MarketListTable.tsx","statementMap":{"0":{"start":{"line":1,"column":0},"end":{"line":1,"column":62}},"1":{"start":{"line":2,"column":0},"end":{"line":2,"column":39}},"2":{"start":{"line":3,"column":0},"end":{"line":3,"column":61}},"3":{"start":{"line":4,"column":0},"end":{"line":4,"column":52}},"4":{"start":{"line":6,"column":20},"end":{"line":6,"column":82}},"5":{"start":{"line":6,"column":30},"end":{"line":6,"column":81}},"6":{"start":{"line":8,"column":24},"end":{"line":50,"column":1}},"7":{"start":{"line":10,"column":59},"end":{"line":10,"column":70}},"8":{"start":{"line":12,"column":2},"end":{"line":18,"column":3}},"9":{"start":{"line":13,"column":4},"end":{"line":17,"column":6}},"10":{"start":{"line":20,"column":2},"end":{"line":20,"column":49}},"11":{"start":{"line":20,"column":37},"end":{"line":20,"column":49}},"12":{"start":{"line":22,"column":2},"end":{"line":49,"column":4}},"13":{"start":{"line":52,"column":0},"end":{"line":52,"column":31}}},"fnMap":{"0":{"name":"(anonymous_0)","decl":{"start":{"line":6,"column":25},"end":{"line":6,"column":28}},"loc":{"start":{"line":6,"column":30},"end":{"line":6,"column":81}}},"1":{"name":"(anonymous_1)","decl":{"start":{"line":6,"column":30},"end":{"line":6,"column":38}},"loc":{"start":{"line":6,"column":30},"end":{"line":6,"column":81}}},"2":{"name":"(anonymous_2)","decl":{"start":{"line":8,"column":24},"end":{"line":8,"column":27}},"loc":{"start":{"line":8,"column":29},"end":{"line":50,"column":1}}}},"branchMap":{"0":{"loc":{"start":{"line":12,"column":2},"end":{"line":18,"column":3}},"type":"if","locations":[{"start":{"line":12,"column":2},"end":{"line":18,"column":3}}]},"1":{"loc":{"start":{"line":12,"column":6},"end":{"line":12,"column":37}},"type":"binary-expr","locations":[{"start":{"line":12,"column":6},"end":{"line":12,"column":15}},{"start":{"line":12,"column":19},"end":{"line":12,"column":37}}]},"2":{"loc":{"start":{"line":20,"column":2},"end":{"line":20,"column":49}},"type":"if","locations":[{"start":{"line":20,"column":2},"end":{"line":20,"column":49}}]},"3":{"loc":{"start":{"line":20,"column":6},"end":{"line":20,"column":35}},"type":"binary-expr","locations":[{"start":{"line":20,"column":6},"end":{"line":20,"column":13}},{"start":{"line":20,"column":17},"end":{"line":20,"column":35}}]}},"s":{"0":0,"1":0,"2":0,"3":0,"4":0,"5":0,"6":0,"7":0,"8":0,"9":0,"10":0,"11":0,"12":0,"13":0},"f":{"0":0,"1":0,"2":0},"b":{"0":[0],"1":[0,0],"2":[0],"3":[0,0]}}
,"/Users/karim/Desktop/BurjX-cryptocurrency-dashboard/src/features/market/utils/formatters.ts": {"path":"/Users/karim/Desktop/BurjX-cryptocurrency-dashboard/src/features/market/utils/formatters.ts","statementMap":{"0":{"start":{"line":4,"column":33},"end":{"line":14,"column":1}},"1":{"start":{"line":5,"column":2},"end":{"line":13,"column":3}},"2":{"start":{"line":6,"column":4},"end":{"line":6,"column":60}},"3":{"start":{"line":7,"column":9},"end":{"line":13,"column":3}},"4":{"start":{"line":8,"column":4},"end":{"line":8,"column":56}},"5":{"start":{"line":9,"column":9},"end":{"line":13,"column":3}},"6":{"start":{"line":10,"column":4},"end":{"line":10,"column":53}},"7":{"start":{"line":12,"column":4},"end":{"line":12,"column":34}},"8":{"start":{"line":4,"column":13},"end":{"line":4,"column":33}},"9":{"start":{"line":16,"column":0},"end":{"line":16,"column":29}}},"fnMap":{"0":{"name":"(anonymous_4)","decl":{"start":{"line":4,"column":33},"end":{"line":4,"column":34}},"loc":{"start":{"line":4,"column":59},"end":{"line":14,"column":1}}}},"branchMap":{"0":{"loc":{"start":{"line":5,"column":2},"end":{"line":13,"column":3}},"type":"if","locations":[{"start":{"line":5,"column":2},"end":{"line":13,"column":3}},{"start":{"line":7,"column":9},"end":{"line":13,"column":3}}]},"1":{"loc":{"start":{"line":7,"column":9},"end":{"line":13,"column":3}},"type":"if","locations":[{"start":{"line":7,"column":9},"end":{"line":13,"column":3}},{"start":{"line":9,"column":9},"end":{"line":13,"column":3}}]},"2":{"loc":{"start":{"line":9,"column":9},"end":{"line":13,"column":3}},"type":"if","locations":[{"start":{"line":9,"column":9},"end":{"line":13,"column":3}},{"start":{"line":11,"column":9},"end":{"line":13,"column":3}}]}},"s":{"0":0,"1":0,"2":0,"3":0,"4":0,"5":0,"6":0,"7":0,"8":0,"9":0},"f":{"0":0},"b":{"0":[0,0],"1":[0,0],"2":[0,0]}}
,"/Users/karim/Desktop/BurjX-cryptocurrency-dashboard/src/models/index.ts": {"path":"/Users/karim/Desktop/BurjX-cryptocurrency-dashboard/src/models/index.ts","statementMap":{"0":{"start":{"line":2,"column":9},"end":{"line":2,"column":null}},"1":{"start":{"line":3,"column":9},"end":{"line":3,"column":null}},"2":{"start":{"line":4,"column":9},"end":{"line":4,"column":null}},"3":{"start":{"line":7,"column":4},"end":{"line":7,"column":21}},"4":{"start":{"line":8,"column":4},"end":{"line":8,"column":25}},"5":{"start":{"line":9,"column":4},"end":{"line":9,"column":27}},"6":{"start":{"line":1,"column":0},"end":{"line":1,"column":13}}},"fnMap":{"0":{"name":"(anonymous_0)","decl":{"start":{"line":6,"column":2},"end":{"line":6,"column":14}},"loc":{"start":{"line":6,"column":54},"end":{"line":10,"column":3}}}},"branchMap":{},"s":{"0":0,"1":0,"2":0,"3":0,"4":0,"5":0,"6":0},"f":{"0":0},"b":{}}
,"/Users/karim/Desktop/BurjX-cryptocurrency-dashboard/src/pages/404.tsx": {"path":"/Users/karim/Desktop/BurjX-cryptocurrency-dashboard/src/pages/404.tsx","statementMap":{"0":{"start":{"line":5,"column":0},"end":{"line":5,"column":40}},"1":{"start":{"line":8,"column":0},"end":{"line":8,"column":42}},"2":{"start":{"line":9,"column":0},"end":{"line":9,"column":36}},"3":{"start":{"line":10,"column":0},"end":{"line":10,"column":60}},"4":{"start":{"line":11,"column":0},"end":{"line":11,"column":60}},"5":{"start":{"line":14,"column":17},"end":{"line":52,"column":1}},"6":{"start":{"line":15,"column":2},"end":{"line":51,"column":4}},"7":{"start":{"line":54,"column":0},"end":{"line":54,"column":76}},"8":{"start":{"line":54,"column":42},"end":{"line":54,"column":75}},"9":{"start":{"line":56,"column":0},"end":{"line":56,"column":24}}},"fnMap":{"0":{"name":"(anonymous_0)","decl":{"start":{"line":14,"column":17},"end":{"line":14,"column":20}},"loc":{"start":{"line":14,"column":22},"end":{"line":52,"column":1}}},"1":{"name":"(anonymous_1)","decl":{"start":{"line":54,"column":21},"end":{"line":54,"column":22}},"loc":{"start":{"line":54,"column":42},"end":{"line":54,"column":75}}}},"branchMap":{},"s":{"0":0,"1":0,"2":0,"3":0,"4":0,"5":0,"6":0,"7":0,"8":0,"9":0},"f":{"0":0,"1":0},"b":{}}
,"/Users/karim/Desktop/BurjX-cryptocurrency-dashboard/src/pages/500.tsx": {"path":"/Users/karim/Desktop/BurjX-cryptocurrency-dashboard/src/pages/500.tsx","statementMap":{"0":{"start":{"line":5,"column":0},"end":{"line":5,"column":40}},"1":{"start":{"line":8,"column":0},"end":{"line":8,"column":42}},"2":{"start":{"line":9,"column":0},"end":{"line":9,"column":36}},"3":{"start":{"line":10,"column":0},"end":{"line":10,"column":60}},"4":{"start":{"line":11,"column":0},"end":{"line":11,"column":60}},"5":{"start":{"line":14,"column":17},"end":{"line":44,"column":1}},"6":{"start":{"line":15,"column":2},"end":{"line":43,"column":4}},"7":{"start":{"line":46,"column":0},"end":{"line":46,"column":76}},"8":{"start":{"line":46,"column":42},"end":{"line":46,"column":75}},"9":{"start":{"line":48,"column":0},"end":{"line":48,"column":24}}},"fnMap":{"0":{"name":"(anonymous_0)","decl":{"start":{"line":14,"column":17},"end":{"line":14,"column":20}},"loc":{"start":{"line":14,"column":22},"end":{"line":44,"column":1}}},"1":{"name":"(anonymous_1)","decl":{"start":{"line":46,"column":21},"end":{"line":46,"column":22}},"loc":{"start":{"line":46,"column":42},"end":{"line":46,"column":75}}}},"branchMap":{},"s":{"0":0,"1":0,"2":0,"3":0,"4":0,"5":0,"6":0,"7":0,"8":0,"9":0},"f":{"0":0,"1":0},"b":{}}
,"/Users/karim/Desktop/BurjX-cryptocurrency-dashboard/src/pages/ErrorBoundary.tsx": {"path":"/Users/karim/Desktop/BurjX-cryptocurrency-dashboard/src/pages/ErrorBoundary.tsx","statementMap":{"0":{"start":{"line":1,"column":0},"end":{"line":1,"column":49}},"1":{"start":{"line":2,"column":0},"end":{"line":2,"column":29}},"2":{"start":{"line":3,"column":0},"end":{"line":3,"column":29}},"3":{"start":{"line":5,"column":28},"end":{"line":17,"column":1}},"4":{"start":{"line":6,"column":21},"end":{"line":6,"column":36}},"5":{"start":{"line":7,"column":17},"end":{"line":7,"column":40}},"6":{"start":{"line":9,"column":2},"end":{"line":9,"column":42}},"7":{"start":{"line":9,"column":22},"end":{"line":9,"column":42}},"8":{"start":{"line":10,"column":2},"end":{"line":10,"column":42}},"9":{"start":{"line":10,"column":22},"end":{"line":10,"column":42}},"10":{"start":{"line":11,"column":2},"end":{"line":16,"column":4}},"11":{"start":{"line":19,"column":0},"end":{"line":19,"column":35}}},"fnMap":{"0":{"name":"(anonymous_0)","decl":{"start":{"line":5,"column":28},"end":{"line":5,"column":31}},"loc":{"start":{"line":5,"column":33},"end":{"line":17,"column":1}}}},"branchMap":{"0":{"loc":{"start":{"line":9,"column":2},"end":{"line":9,"column":42}},"type":"if","locations":[{"start":{"line":9,"column":2},"end":{"line":9,"column":42}}]},"1":{"loc":{"start":{"line":10,"column":2},"end":{"line":10,"column":42}},"type":"if","locations":[{"start":{"line":10,"column":2},"end":{"line":10,"column":42}}]},"2":{"loc":{"start":{"line":14,"column":10},"end":{"line":14,"column":46}},"type":"binary-expr","locations":[{"start":{"line":14,"column":10},"end":{"line":14,"column":24}},{"start":{"line":14,"column":28},"end":{"line":14,"column":46}}]}},"s":{"0":0,"1":0,"2":0,"3":0,"4":0,"5":0,"6":0,"7":0,"8":0,"9":0,"10":0,"11":0},"f":{"0":0},"b":{"0":[0],"1":[0],"2":[0,0]}}
,"/Users/karim/Desktop/BurjX-cryptocurrency-dashboard/src/pages/ReactQueryProvider.tsx": {"path":"/Users/karim/Desktop/BurjX-cryptocurrency-dashboard/src/pages/ReactQueryProvider.tsx","statementMap":{"0":{"start":{"line":1,"column":0},"end":{"line":1,"column":85}},"1":{"start":{"line":3,"column":0},"end":{"line":3,"column":80}},"2":{"start":{"line":5,"column":27},"end":{"line":21,"column":1}},"3":{"start":{"line":6,"column":22},"end":{"line":6,"column":46}},"4":{"start":{"line":8,"column":22},"end":{"line":18,"column":4}},"5":{"start":{"line":10,"column":31},"end":{"line":10,"column":49}},"6":{"start":{"line":20,"column":2},"end":{"line":20,"column":84}},"7":{"start":{"line":23,"column":0},"end":{"line":23,"column":34}}},"fnMap":{"0":{"name":"(anonymous_0)","decl":{"start":{"line":5,"column":27},"end":{"line":5,"column":28}},"loc":{"start":{"line":5,"column":69},"end":{"line":21,"column":1}}},"1":{"name":"(anonymous_1)","decl":{"start":{"line":10,"column":15},"end":{"line":10,"column":16}},"loc":{"start":{"line":10,"column":31},"end":{"line":10,"column":49}}}},"branchMap":{},"s":{"0":0,"1":0,"2":0,"3":0,"4":0,"5":0,"6":0,"7":0},"f":{"0":0,"1":0},"b":{}}
,"/Users/karim/Desktop/BurjX-cryptocurrency-dashboard/src/pages/index.ts": {"path":"/Users/karim/Desktop/BurjX-cryptocurrency-dashboard/src/pages/index.ts","statementMap":{"0":{"start":{"line":1,"column":0},"end":{"line":1,"column":7}},"1":{"start":{"line":6,"column":9},"end":{"line":1,"column":39}},"2":{"start":{"line":2,"column":0},"end":{"line":2,"column":7}},"3":{"start":{"line":6,"column":19},"end":{"line":2,"column":33}},"4":{"start":{"line":3,"column":0},"end":{"line":3,"column":7}},"5":{"start":{"line":6,"column":33},"end":{"line":3,"column":54}},"6":{"start":{"line":4,"column":0},"end":{"line":4,"column":7}},"7":{"start":{"line":6,"column":53},"end":{"line":4,"column":29}}},"fnMap":{},"branchMap":{},"s":{"0":0,"1":0,"2":0,"3":0,"4":0,"5":0,"6":0,"7":0},"f":{},"b":{}}
,"/Users/karim/Desktop/BurjX-cryptocurrency-dashboard/src/pages/CoinPage/index.tsx": {"path":"/Users/karim/Desktop/BurjX-cryptocurrency-dashboard/src/pages/CoinPage/index.tsx","statementMap":{"0":{"start":{"line":1,"column":0},"end":{"line":1,"column":39}},"1":{"start":{"line":2,"column":0},"end":{"line":2,"column":62}},"2":{"start":{"line":3,"column":0},"end":{"line":3,"column":36}},"3":{"start":{"line":5,"column":20},"end":{"line":5,"column":83}},"4":{"start":{"line":5,"column":30},"end":{"line":5,"column":82}},"5":{"start":{"line":7,"column":17},"end":{"line":21,"column":1}},"6":{"start":{"line":8,"column":2},"end":{"line":20,"column":4}},"7":{"start":{"line":23,"column":0},"end":{"line":23,"column":24}}},"fnMap":{"0":{"name":"(anonymous_0)","decl":{"start":{"line":5,"column":25},"end":{"line":5,"column":28}},"loc":{"start":{"line":5,"column":30},"end":{"line":5,"column":82}}},"1":{"name":"(anonymous_1)","decl":{"start":{"line":5,"column":30},"end":{"line":5,"column":38}},"loc":{"start":{"line":5,"column":30},"end":{"line":5,"column":82}}},"2":{"name":"(anonymous_2)","decl":{"start":{"line":7,"column":17},"end":{"line":7,"column":20}},"loc":{"start":{"line":7,"column":22},"end":{"line":21,"column":1}}}},"branchMap":{},"s":{"0":0,"1":0,"2":0,"3":0,"4":0,"5":0,"6":0,"7":0},"f":{"0":0,"1":0,"2":0},"b":{}}
,"/Users/karim/Desktop/BurjX-cryptocurrency-dashboard/src/pages/Home/HomePage.tsx": {"path":"/Users/karim/Desktop/BurjX-cryptocurrency-dashboard/src/pages/Home/HomePage.tsx","statementMap":{"0":{"start":{"line":1,"column":0},"end":{"line":1,"column":46}},"1":{"start":{"line":2,"column":0},"end":{"line":2,"column":53}},"2":{"start":{"line":4,"column":13},"end":{"line":12,"column":1}},"3":{"start":{"line":5,"column":2},"end":{"line":11,"column":4}},"4":{"start":{"line":14,"column":0},"end":{"line":14,"column":20}}},"fnMap":{"0":{"name":"(anonymous_0)","decl":{"start":{"line":4,"column":13},"end":{"line":4,"column":16}},"loc":{"start":{"line":4,"column":18},"end":{"line":12,"column":1}}}},"branchMap":{},"s":{"0":0,"1":0,"2":0,"3":0,"4":0},"f":{"0":0},"b":{}}
,"/Users/karim/Desktop/BurjX-cryptocurrency-dashboard/src/routes/BrowserRoutes.tsx": {"path":"/Users/karim/Desktop/BurjX-cryptocurrency-dashboard/src/routes/BrowserRoutes.tsx","statementMap":{"0":{"start":{"line":1,"column":0},"end":{"line":1,"column":55}},"1":{"start":{"line":2,"column":0},"end":{"line":2,"column":45}},"2":{"start":{"line":3,"column":0},"end":{"line":3,"column":35}},"3":{"start":{"line":4,"column":0},"end":{"line":4,"column":56}},"4":{"start":{"line":5,"column":0},"end":{"line":5,"column":40}},"5":{"start":{"line":7,"column":15},"end":{"line":30,"column":2}},"6":{"start":{"line":32,"column":0},"end":{"line":32,"column":22}}},"fnMap":{},"branchMap":{},"s":{"0":0,"1":0,"2":0,"3":0,"4":0,"5":0,"6":0},"f":{},"b":{}}
,"/Users/karim/Desktop/BurjX-cryptocurrency-dashboard/src/routes/index.tsx": {"path":"/Users/karim/Desktop/BurjX-cryptocurrency-dashboard/src/routes/index.tsx","statementMap":{"0":{"start":{"line":1,"column":19},"end":{"line":4,"column":2}},"1":{"start":{"line":6,"column":20},"end":{"line":10,"column":2}},"2":{"start":{"line":12,"column":15},"end":{"line":15,"column":2}},"3":{"start":{"line":17,"column":0},"end":{"line":17,"column":22}}},"fnMap":{},"branchMap":{},"s":{"0":0,"1":0,"2":0,"3":0},"f":{},"b":{}}
,"/Users/karim/Desktop/BurjX-cryptocurrency-dashboard/src/services/api/coinDataDetails.tsx": {"path":"/Users/karim/Desktop/BurjX-cryptocurrency-dashboard/src/services/api/coinDataDetails.tsx","statementMap":{"0":{"start":{"line":1,"column":0},"end":{"line":4,"column":2}},"1":{"start":{"line":3,"column":4},"end":{"line":3,"column":78}}},"fnMap":{"0":{"name":"(anonymous_0)","decl":{"start":{"line":2,"column":28},"end":{"line":2,"column":29}},"loc":{"start":{"line":3,"column":4},"end":{"line":3,"column":78}}}},"branchMap":{},"s":{"0":0,"1":0},"f":{"0":0},"b":{}}
,"/Users/karim/Desktop/BurjX-cryptocurrency-dashboard/src/services/api/index.ts": {"path":"/Users/karim/Desktop/BurjX-cryptocurrency-dashboard/src/services/api/index.ts","statementMap":{"0":{"start":{"line":1,"column":0},"end":{"line":1,"column":7}},"1":{"start":{"line":4,"column":9},"end":{"line":1,"column":42}},"2":{"start":{"line":2,"column":0},"end":{"line":2,"column":7}},"3":{"start":{"line":4,"column":23},"end":{"line":2,"column":51}}},"fnMap":{},"branchMap":{},"s":{"0":0,"1":0,"2":0,"3":0},"f":{},"b":{}}
,"/Users/karim/Desktop/BurjX-cryptocurrency-dashboard/src/services/api/marketCapApi.tsx": {"path":"/Users/karim/Desktop/BurjX-cryptocurrency-dashboard/src/services/api/marketCapApi.tsx","statementMap":{"0":{"start":{"line":1,"column":0},"end":{"line":4,"column":2}},"1":{"start":{"line":3,"column":4},"end":{"line":3,"column":95}}},"fnMap":{"0":{"name":"(anonymous_0)","decl":{"start":{"line":2,"column":22},"end":{"line":2,"column":23}},"loc":{"start":{"line":3,"column":4},"end":{"line":3,"column":95}}}},"branchMap":{},"s":{"0":0,"1":0},"f":{"0":0},"b":{}}
,"/Users/karim/Desktop/BurjX-cryptocurrency-dashboard/src/services/helpers/ResponseModelHelper.ts": {"path":"/Users/karim/Desktop/BurjX-cryptocurrency-dashboard/src/services/helpers/ResponseModelHelper.ts","statementMap":{"0":{"start":{"line":2,"column":0},"end":{"line":2,"column":36}},"1":{"start":{"line":4,"column":0},"end":{"line":4,"column":64}},"2":{"start":{"line":5,"column":0},"end":{"line":5,"column":30}},"3":{"start":{"line":7,"column":31},"end":{"line":13,"column":1}},"4":{"start":{"line":8,"column":2},"end":{"line":12,"column":3}},"5":{"start":{"line":9,"column":4},"end":{"line":9,"column":64}},"6":{"start":{"line":11,"column":4},"end":{"line":11,"column":17}},"7":{"start":{"line":7,"column":13},"end":{"line":7,"column":31}},"8":{"start":{"line":15,"column":38},"end":{"line":71,"column":1}},"9":{"start":{"line":16,"column":19},"end":{"line":16,"column":32}},"10":{"start":{"line":17,"column":25},"end":{"line":17,"column":42}},"11":{"start":{"line":19,"column":22},"end":{"line":68,"column":3}},"12":{"start":{"line":20,"column":4},"end":{"line":30,"column":5}},"13":{"start":{"line":22,"column":6},"end":{"line":27,"column":9}},"14":{"start":{"line":28,"column":6},"end":{"line":28,"column":52}},"15":{"start":{"line":29,"column":6},"end":{"line":29,"column":13}},"16":{"start":{"line":32,"column":4},"end":{"line":67,"column":5}},"17":{"start":{"line":33,"column":34},"end":{"line":33,"column":53}},"18":{"start":{"line":35,"column":6},"end":{"line":41,"column":7}},"19":{"start":{"line":36,"column":8},"end":{"line":36,"column":32}},"20":{"start":{"line":37,"column":8},"end":{"line":37,"column":15}},"21":{"start":{"line":39,"column":8},"end":{"line":39,"column":48}},"22":{"start":{"line":40,"column":8},"end":{"line":40,"column":15}},"23":{"start":{"line":43,"column":21},"end":{"line":43,"column":42}},"24":{"start":{"line":44,"column":6},"end":{"line":56,"column":7}},"25":{"start":{"line":45,"column":8},"end":{"line":45,"column":32}},"26":{"start":{"line":46,"column":8},"end":{"line":46,"column":54}},"27":{"start":{"line":47,"column":8},"end":{"line":47,"column":15}},"28":{"start":{"line":48,"column":13},"end":{"line":56,"column":7}},"29":{"start":{"line":49,"column":8},"end":{"line":49,"column":32}},"30":{"start":{"line":50,"column":8},"end":{"line":50,"column":61}},"31":{"start":{"line":51,"column":8},"end":{"line":51,"column":15}},"32":{"start":{"line":52,"column":13},"end":{"line":56,"column":7}},"33":{"start":{"line":53,"column":8},"end":{"line":53,"column":32}},"34":{"start":{"line":54,"column":8},"end":{"line":54,"column":61}},"35":{"start":{"line":55,"column":8},"end":{"line":55,"column":15}},"36":{"start":{"line":59,"column":6},"end":{"line":64,"column":9}},"37":{"start":{"line":65,"column":6},"end":{"line":65,"column":52}},"38":{"start":{"line":66,"column":6},"end":{"line":66,"column":13}},"39":{"start":{"line":70,"column":2},"end":{"line":70,"column":21}},"40":{"start":{"line":15,"column":13},"end":{"line":15,"column":38}}},"fnMap":{"0":{"name":"(anonymous_0)","decl":{"start":{"line":7,"column":31},"end":{"line":7,"column":32}},"loc":{"start":{"line":7,"column":71},"end":{"line":13,"column":1}}},"1":{"name":"(anonymous_1)","decl":{"start":{"line":15,"column":38},"end":{"line":15,"column":41}},"loc":{"start":{"line":15,"column":43},"end":{"line":71,"column":1}}},"2":{"name":"(anonymous_2)","decl":{"start":{"line":19,"column":22},"end":{"line":19,"column":23}},"loc":{"start":{"line":19,"column":37},"end":{"line":68,"column":3}}}},"branchMap":{"0":{"loc":{"start":{"line":8,"column":2},"end":{"line":12,"column":3}},"type":"if","locations":[{"start":{"line":8,"column":2},"end":{"line":12,"column":3}},{"start":{"line":10,"column":9},"end":{"line":12,"column":3}}]},"1":{"loc":{"start":{"line":8,"column":6},"end":{"line":8,"column":45}},"type":"binary-expr","locations":[{"start":{"line":8,"column":6},"end":{"line":8,"column":29}},{"start":{"line":8,"column":33},"end":{"line":8,"column":45}}]},"2":{"loc":{"start":{"line":9,"column":11},"end":{"line":9,"column":63}},"type":"binary-expr","locations":[{"start":{"line":9,"column":11},"end":{"line":9,"column":26}},{"start":{"line":9,"column":30},"end":{"line":9,"column":43}},{"start":{"line":9,"column":47},"end":{"line":9,"column":63}}]},"3":{"loc":{"start":{"line":20,"column":4},"end":{"line":30,"column":5}},"type":"if","locations":[{"start":{"line":20,"column":4},"end":{"line":30,"column":5}}]},"4":{"loc":{"start":{"line":32,"column":4},"end":{"line":67,"column":5}},"type":"if","locations":[{"start":{"line":32,"column":4},"end":{"line":67,"column":5}},{"start":{"line":42,"column":11},"end":{"line":67,"column":5}}]},"5":{"loc":{"start":{"line":35,"column":6},"end":{"line":41,"column":7}},"type":"if","locations":[{"start":{"line":35,"column":6},"end":{"line":41,"column":7}},{"start":{"line":38,"column":13},"end":{"line":41,"column":7}}]},"6":{"loc":{"start":{"line":44,"column":6},"end":{"line":56,"column":7}},"type":"if","locations":[{"start":{"line":44,"column":6},"end":{"line":56,"column":7}},{"start":{"line":48,"column":13},"end":{"line":56,"column":7}}]},"7":{"loc":{"start":{"line":48,"column":13},"end":{"line":56,"column":7}},"type":"if","locations":[{"start":{"line":48,"column":13},"end":{"line":56,"column":7}},{"start":{"line":52,"column":13},"end":{"line":56,"column":7}}]},"8":{"loc":{"start":{"line":52,"column":13},"end":{"line":56,"column":7}},"type":"if","locations":[{"start":{"line":52,"column":13},"end":{"line":56,"column":7}}]}},"s":{"0":0,"1":0,"2":0,"3":0,"4":0,"5":0,"6":0,"7":0,"8":0,"9":0,"10":0,"11":0,"12":0,"13":0,"14":0,"15":0,"16":0,"17":0,"18":0,"19":0,"20":0,"21":0,"22":0,"23":0,"24":0,"25":0,"26":0,"27":0,"28":0,"29":0,"30":0,"31":0,"32":0,"33":0,"34":0,"35":0,"36":0,"37":0,"38":0,"39":0,"40":0},"f":{"0":0,"1":0,"2":0},"b":{"0":[0,0],"1":[0,0],"2":[0,0,0],"3":[0],"4":[0,0],"5":[0,0],"6":[0,0],"7":[0,0],"8":[0]}}
,"/Users/karim/Desktop/BurjX-cryptocurrency-dashboard/src/services/helpers/index.ts": {"path":"/Users/karim/Desktop/BurjX-cryptocurrency-dashboard/src/services/helpers/index.ts","statementMap":{"0":{"start":{"line":1,"column":0},"end":{"line":1,"column":9}},"1":{"start":{"line":3,"column":9},"end":{"line":1,"column":63}}},"fnMap":{"0":{"name":"(anonymous_0)","decl":{"start":{"line":3,"column":9},"end":{"line":3,"column":31}},"loc":{"start":{"line":3,"column":9},"end":{"line":1,"column":63}}}},"branchMap":{},"s":{"0":0,"1":0},"f":{"0":0},"b":{}}
,"/Users/karim/Desktop/BurjX-cryptocurrency-dashboard/src/services/hooks/index.ts": {"path":"/Users/karim/Desktop/BurjX-cryptocurrency-dashboard/src/services/hooks/index.ts","statementMap":{"0":{"start":{"line":1,"column":0},"end":{"line":1,"column":9}},"1":{"start":{"line":3,"column":9},"end":{"line":1,"column":88}}},"fnMap":{"0":{"name":"(anonymous_0)","decl":{"start":{"line":3,"column":9},"end":{"line":3,"column":37}},"loc":{"start":{"line":3,"column":9},"end":{"line":1,"column":88}}}},"branchMap":{},"s":{"0":0,"1":0},"f":{"0":0},"b":{}}
,"/Users/karim/Desktop/BurjX-cryptocurrency-dashboard/src/services/hooks/CoinData/index.ts": {"path":"/Users/karim/Desktop/BurjX-cryptocurrency-dashboard/src/services/hooks/CoinData/index.ts","statementMap":{"0":{"start":{"line":1,"column":0},"end":{"line":1,"column":9}},"1":{"start":{"line":3,"column":9},"end":{"line":1,"column":77}}},"fnMap":{"0":{"name":"(anonymous_0)","decl":{"start":{"line":3,"column":9},"end":{"line":3,"column":33}},"loc":{"start":{"line":3,"column":9},"end":{"line":1,"column":77}}}},"branchMap":{},"s":{"0":0,"1":0},"f":{"0":0},"b":{}}
,"/Users/karim/Desktop/BurjX-cryptocurrency-dashboard/src/services/hooks/CoinData/useGetListOfCoinDataDetialsById.tsx": {"path":"/Users/karim/Desktop/BurjX-cryptocurrency-dashboard/src/services/hooks/CoinData/useGetListOfCoinDataDetialsById.tsx","statementMap":{"0":{"start":{"line":2,"column":0},"end":{"line":2,"column":52}},"1":{"start":{"line":3,"column":0},"end":{"line":3,"column":49}},"2":{"start":{"line":4,"column":0},"end":{"line":4,"column":26}},"3":{"start":{"line":6,"column":30},"end":{"line":22,"column":1}},"4":{"start":{"line":8,"column":2},"end":{"line":11,"column":3}},"5":{"start":{"line":10,"column":4},"end":{"line":10,"column":16}},"6":{"start":{"line":13,"column":19},"end":{"line":14,"column":null}},"7":{"start":{"line":17,"column":2},"end":{"line":17,"column":76}},"8":{"start":{"line":21,"column":2},"end":{"line":21,"column":23}},"9":{"start":{"line":25,"column":40},"end":{"line":30,"column":1}},"10":{"start":{"line":26,"column":2},"end":{"line":29,"column":5}},"11":{"start":{"line":28,"column":19},"end":{"line":28,"column":57}},"12":{"start":{"line":25,"column":13},"end":{"line":25,"column":40}}},"fnMap":{"0":{"name":"(anonymous_0)","decl":{"start":{"line":6,"column":30},"end":{"line":6,"column":35}},"loc":{"start":{"line":6,"column":98},"end":{"line":22,"column":1}}},"1":{"name":"(anonymous_1)","decl":{"start":{"line":25,"column":40},"end":{"line":25,"column":41}},"loc":{"start":{"line":25,"column":76},"end":{"line":30,"column":1}}},"2":{"name":"(anonymous_2)","decl":{"start":{"line":28,"column":13},"end":{"line":28,"column":16}},"loc":{"start":{"line":28,"column":19},"end":{"line":28,"column":57}}}},"branchMap":{"0":{"loc":{"start":{"line":8,"column":2},"end":{"line":11,"column":3}},"type":"if","locations":[{"start":{"line":8,"column":2},"end":{"line":11,"column":3}}]}},"s":{"0":0,"1":0,"2":0,"3":0,"4":0,"5":0,"6":0,"7":0,"8":0,"9":0,"10":0,"11":0,"12":0},"f":{"0":0,"1":0,"2":0},"b":{"0":[0]}}
,"/Users/karim/Desktop/BurjX-cryptocurrency-dashboard/src/services/hooks/marketCap/index.ts": {"path":"/Users/karim/Desktop/BurjX-cryptocurrency-dashboard/src/services/hooks/marketCap/index.ts","statementMap":{"0":{"start":{"line":1,"column":0},"end":{"line":1,"column":9}},"1":{"start":{"line":3,"column":9},"end":{"line":1,"column":78}}},"fnMap":{"0":{"name":"(anonymous_0)","decl":{"start":{"line":3,"column":9},"end":{"line":3,"column":37}},"loc":{"start":{"line":3,"column":9},"end":{"line":1,"column":78}}}},"branchMap":{},"s":{"0":0,"1":0},"f":{"0":0},"b":{}}
,"/Users/karim/Desktop/BurjX-cryptocurrency-dashboard/src/services/hooks/marketCap/useGetListOfMarketCapByQuery.tsx": {"path":"/Users/karim/Desktop/BurjX-cryptocurrency-dashboard/src/services/hooks/marketCap/useGetListOfMarketCapByQuery.tsx","statementMap":{"0":{"start":{"line":2,"column":0},"end":{"line":2,"column":55}},"1":{"start":{"line":3,"column":0},"end":{"line":3,"column":49}},"2":{"start":{"line":4,"column":0},"end":{"line":4,"column":26}},"3":{"start":{"line":6,"column":34},"end":{"line":17,"column":1}},"4":{"start":{"line":10,"column":19},"end":{"line":11,"column":null}},"5":{"start":{"line":16,"column":2},"end":{"line":16,"column":23}},"6":{"start":{"line":20,"column":44},"end":{"line":26,"column":1}},"7":{"start":{"line":21,"column":2},"end":{"line":25,"column":5}},"8":{"start":{"line":23,"column":19},"end":{"line":23,"column":60}},"9":{"start":{"line":20,"column":13},"end":{"line":20,"column":44}}},"fnMap":{"0":{"name":"(anonymous_0)","decl":{"start":{"line":6,"column":34},"end":{"line":6,"column":39}},"loc":{"start":{"line":9,"column":33},"end":{"line":17,"column":1}}},"1":{"name":"(anonymous_1)","decl":{"start":{"line":20,"column":44},"end":{"line":20,"column":45}},"loc":{"start":{"line":20,"column":79},"end":{"line":26,"column":1}}},"2":{"name":"(anonymous_2)","decl":{"start":{"line":23,"column":13},"end":{"line":23,"column":16}},"loc":{"start":{"line":23,"column":19},"end":{"line":23,"column":60}}}},"branchMap":{},"s":{"0":0,"1":0,"2":0,"3":0,"4":0,"5":0,"6":0,"7":0,"8":0,"9":0},"f":{"0":0,"1":0,"2":0},"b":{}}
,"/Users/karim/Desktop/BurjX-cryptocurrency-dashboard/src/utils/index.ts": {"path":"/Users/karim/Desktop/BurjX-cryptocurrency-dashboard/src/utils/index.ts","statementMap":{"0":{"start":{"line":1,"column":0},"end":{"line":1,"column":66}},"1":{"start":{"line":3,"column":12},"end":{"line":18,"column":3}},"2":{"start":{"line":3,"column":42},"end":{"line":18,"column":2}},"3":{"start":{"line":44,"column":9},"end":{"line":44,"column":12}},"4":{"start":{"line":21,"column":25},"end":{"line":23,"column":2}},"5":{"start":{"line":44,"column":14},"end":{"line":44,"column":30}},"6":{"start":{"line":26,"column":19},"end":{"line":30,"column":3}},"7":{"start":{"line":26,"column":57},"end":{"line":30,"column":2}},"8":{"start":{"line":44,"column":32},"end":{"line":44,"column":42}},"9":{"start":{"line":32,"column":26},"end":{"line":42,"column":1}},"10":{"start":{"line":33,"column":2},"end":{"line":41,"column":3}},"11":{"start":{"line":34,"column":4},"end":{"line":34,"column":50}},"12":{"start":{"line":35,"column":9},"end":{"line":41,"column":3}},"13":{"start":{"line":36,"column":4},"end":{"line":36,"column":47}},"14":{"start":{"line":37,"column":9},"end":{"line":41,"column":3}},"15":{"start":{"line":38,"column":4},"end":{"line":38,"column":44}},"16":{"start":{"line":40,"column":4},"end":{"line":40,"column":34}},"17":{"start":{"line":44,"column":44},"end":{"line":44,"column":61}}},"fnMap":{"0":{"name":"(anonymous_0)","decl":{"start":{"line":3,"column":26},"end":{"line":3,"column":27}},"loc":{"start":{"line":3,"column":42},"end":{"line":18,"column":2}}},"1":{"name":"(anonymous_1)","decl":{"start":{"line":26,"column":41},"end":{"line":26,"column":42}},"loc":{"start":{"line":26,"column":57},"end":{"line":30,"column":2}}},"2":{"name":"(anonymous_2)","decl":{"start":{"line":32,"column":26},"end":{"line":32,"column":27}},"loc":{"start":{"line":32,"column":52},"end":{"line":42,"column":1}}}},"branchMap":{"0":{"loc":{"start":{"line":33,"column":2},"end":{"line":41,"column":3}},"type":"if","locations":[{"start":{"line":33,"column":2},"end":{"line":41,"column":3}},{"start":{"line":35,"column":9},"end":{"line":41,"column":3}}]},"1":{"loc":{"start":{"line":35,"column":9},"end":{"line":41,"column":3}},"type":"if","locations":[{"start":{"line":35,"column":9},"end":{"line":41,"column":3}},{"start":{"line":37,"column":9},"end":{"line":41,"column":3}}]},"2":{"loc":{"start":{"line":37,"column":9},"end":{"line":41,"column":3}},"type":"if","locations":[{"start":{"line":37,"column":9},"end":{"line":41,"column":3}},{"start":{"line":39,"column":9},"end":{"line":41,"column":3}}]}},"s":{"0":0,"1":0,"2":0,"3":0,"4":0,"5":0,"6":0,"7":0,"8":0,"9":0,"10":0,"11":0,"12":0,"13":0,"14":0,"15":0,"16":0,"17":0},"f":{"0":0,"1":0,"2":0},"b":{"0":[0,0],"1":[0,0],"2":[0,0]}}
}
